<?xml version="1.0" encoding="utf-8"?><testsuites name="pytest tests"><testsuite name="pytest" errors="0" failures="0" skipped="3" tests="1016" time="155.160" timestamp="2026-05-20T18:50:35.793989+02:00" hostname="Toto241"><testcase classname="tests.concept.test_dashboard_generator" name="test_decision_status_mapping" time="0.001" /><testcase classname="tests.concept.test_dashboard_generator" name="test_bucket_status[bucket0-go]" time="0.001" /><testcase classname="tests.concept.test_dashboard_generator" name="test_bucket_status[bucket1-block]" time="0.001" /><testcase classname="tests.concept.test_dashboard_generator" name="test_bucket_status[bucket2-block]" time="0.001" /><testcase classname="tests.concept.test_dashboard_generator" name="test_bucket_status[bucket3-hold]" time="0.001" /><testcase classname="tests.concept.test_dashboard_generator" name="test_bucket_status[bucket4-unknown]" time="0.001" /><testcase classname="tests.concept.test_dashboard_generator" name="test_html_is_self_contained" time="0.079" /><testcase classname="tests.concept.test_dashboard_generator" name="test_html_contains_all_records" time="0.077" /><testcase classname="tests.concept.test_dashboard_generator" name="test_html_has_kpi_for_each_marker" time="0.078" /><testcase classname="tests.concept.test_dashboard_generator" name="test_html_renders_decision_pill" time="0.079" /><testcase classname="tests.concept.test_dashboard_generator" name="test_html_has_navigation" time="0.080" /><testcase classname="tests.concept.test_dashboard_generator" name="test_html_links_to_companion_artifacts" time="0.077" /><testcase classname="tests.concept.test_dashboard_generator" name="test_html_does_not_contain_nested_anchors" time="0.075" /><testcase classname="tests.concept.test_dashboard_generator" name="test_html_renders_skipped_as_hold" time="0.075" /><testcase classname="tests.concept.test_dashboard_generator" name="test_html_escapes_html_in_test_id" time="0.050" /><testcase classname="tests.concept.test_dashboard_generator" name="test_main_runs_against_real_protocol" time="0.111" /><testcase classname="tests.concept.test_dashboard_generator" name="test_main_handles_missing_input" time="0.003" /><testcase classname="tests.concept.test_dashboard_generator" name="test_default_paths_inside_reports_dir" time="0.000" /><testcase classname="tests.concept.test_dashboard_generator" name="test_render_dashboard_is_deterministic" time="0.098" /><testcase classname="tests.concept.test_dashboard_generator" name="test_failure_section_shows_when_records_failed" time="0.046" /><testcase classname="tests.concept.test_md_to_html" name="test_renders_headings_with_anchors" time="0.001" /><testcase classname="tests.concept.test_md_to_html" name="test_renders_h2_to_h6" time="0.001" /><testcase classname="tests.concept.test_md_to_html" name="test_renders_paragraphs" time="0.001" /><testcase classname="tests.concept.test_md_to_html" name="test_renders_bold_italic_code" time="0.001" /><testcase classname="tests.concept.test_md_to_html" name="test_inline_code_protects_from_bold" time="0.001" /><testcase classname="tests.concept.test_md_to_html" name="test_renders_unordered_list" time="0.001" /><testcase classname="tests.concept.test_md_to_html" name="test_renders_ordered_list" time="0.001" /><testcase classname="tests.concept.test_md_to_html" name="test_renders_table" time="0.001" /><testcase classname="tests.concept.test_md_to_html" name="test_renders_fenced_code_block" time="0.000" /><testcase classname="tests.concept.test_md_to_html" name="test_escapes_html_in_paragraphs" time="0.001" /><testcase classname="tests.concept.test_md_to_html" name="test_renders_link" time="0.001" /><testcase classname="tests.concept.test_md_to_html" name="test_renders_blockquote" time="0.001" /><testcase classname="tests.concept.test_md_to_html" name="test_renders_hr" time="0.001" /><testcase classname="tests.concept.test_md_to_html" name="test_doc_wrapper_includes_dashboard_css" time="0.001" /><testcase classname="tests.concept.test_md_to_html" name="test_doc_wrapper_back_link" time="0.001" /><testcase classname="tests.concept.test_members_scenarios" name="test_M_can_seed_profile[M-01]" time="0.410" /><testcase classname="tests.concept.test_members_scenarios" name="test_M_can_seed_profile[M-02]" time="0.745" /><testcase classname="tests.concept.test_members_scenarios" name="test_M_can_seed_profile[M-03]" time="1.817" /><testcase classname="tests.concept.test_members_scenarios" name="test_M_can_seed_profile[M-04]" time="3.375" /><testcase classname="tests.concept.test_members_scenarios" name="test_M_can_seed_profile[M-05]" time="4.801" /><testcase classname="tests.concept.test_members_scenarios" name="test_M_can_seed_profile[M-06]" time="6.800" /><testcase classname="tests.concept.test_members_scenarios" name="test_M_can_seed_profile[M-07]" time="4.858" /><testcase classname="tests.concept.test_members_scenarios" name="test_M_can_seed_profile[M-08]" time="0.501" /><testcase classname="tests.concept.test_members_scenarios" name="test_M_can_seed_profile[M-09]" time="1.380" /><testcase classname="tests.concept.test_members_scenarios" name="test_M01_single_owner_no_rotation" time="0.383" /><testcase classname="tests.concept.test_members_scenarios" name="test_M02_minimal_team_two_members" time="0.773" /><testcase classname="tests.concept.test_members_scenarios" name="test_M05_meets_play_minimum_12" time="4.787" /><testcase classname="tests.concept.test_members_scenarios" name="test_M06_scales_to_twenty_plus" time="6.819" /><testcase classname="tests.concept.test_members_scenarios" name="test_M07_mixed_status_distribution" time="4.684" /><testcase classname="tests.concept.test_members_scenarios" name="test_M08_invited_only_owner_active" time="0.597" /><testcase classname="tests.concept.test_members_scenarios" name="test_M09_reactivation_restores_member" time="1.286" /><testcase classname="tests.concept.test_members_scenarios" name="test_remove_and_readd_preserves_distinct_id" time="1.934" /><testcase classname="tests.concept.test_members_scenarios" name="test_get_events_handles_all_sizes" time="25.498" /><testcase classname="tests.concept.test_negative_inputs" name="test_NA02_long_member_name_is_stored_or_rejected[1024]" time="0.205" /><testcase classname="tests.concept.test_negative_inputs" name="test_NA02_long_member_name_is_stored_or_rejected[10000]" time="0.203" /><testcase classname="tests.concept.test_negative_inputs" name="test_NA02_long_member_name_is_stored_or_rejected[65536]" time="0.211" /><testcase classname="tests.concept.test_negative_inputs" name="test_NA02_long_contract_name_does_not_break_listing" time="0.199" /><testcase classname="tests.concept.test_negative_inputs" name="test_NA03_special_chars_in_member_name['Anna \U0001f600']" time="0.185" /><testcase classname="tests.concept.test_negative_inputs" name="test_NA03_special_chars_in_member_name['Anna\\x00Nachher']" time="0.186" /><testcase classname="tests.concept.test_negative_inputs" name="test_NA03_special_chars_in_member_name['Anna\\nMehrzeilig']" time="0.185" /><testcase classname="tests.concept.test_negative_inputs" name="test_NA03_special_chars_in_member_name['\\u202earabicRTL']" time="0.179" /><testcase classname="tests.concept.test_negative_inputs" name="test_NA03_special_chars_in_member_name['  trailing space   ']" time="0.185" /><testcase classname="tests.concept.test_negative_inputs" name="test_NA03_special_chars_in_member_name['&lt;script&gt;alert(1)&lt;/scrip]" time="0.205" /><testcase classname="tests.concept.test_negative_inputs" name="test_NA03_special_chars_in_member_name[&quot;Anna' DROP&quot;]" time="0.204" /><testcase classname="tests.concept.test_negative_inputs" name="test_NA03_special_chars_in_member_name['\u0410\u043d\u043d\u0430 \u0418\u0432\u0430\u043d\u043e\u0432\u0430']" time="0.212" /><testcase classname="tests.concept.test_negative_inputs" name="test_NA03_special_chars_in_member_name['\u5c71\u7530\u592a\u90ce']" time="0.222" /><testcase classname="tests.concept.test_negative_inputs" name="test_NA03_special_chars_in_member_name[' ']" time="0.215" /><testcase classname="tests.concept.test_negative_inputs" name="test_NA03_special_chars_in_expense_description['Anna \U0001f600']" time="0.178" /><testcase classname="tests.concept.test_negative_inputs" name="test_NA03_special_chars_in_expense_description['Anna\\x00Nachher']" time="0.184" /><testcase classname="tests.concept.test_negative_inputs" name="test_NA03_special_chars_in_expense_description['Anna\\nMehrzeilig']" time="0.194" /><testcase classname="tests.concept.test_negative_inputs" name="test_NA03_special_chars_in_expense_description['\\u202earabicRTL']" time="0.199" /><testcase classname="tests.concept.test_negative_inputs" name="test_NA03_special_chars_in_expense_description['  trailing space   ']" time="0.170" /><testcase classname="tests.concept.test_negative_inputs" name="test_NA03_special_chars_in_expense_description['&lt;script&gt;alert(1)&lt;/scrip]" time="0.204" /><testcase classname="tests.concept.test_negative_inputs" name="test_NA03_special_chars_in_expense_description[&quot;Anna' DROP&quot;]" time="0.213" /><testcase classname="tests.concept.test_negative_inputs" name="test_NA03_special_chars_in_expense_description['\u0410\u043d\u043d\u0430 \u0418\u0432\u0430\u043d\u043e\u0432\u0430']" time="0.209" /><testcase classname="tests.concept.test_negative_inputs" name="test_NA03_special_chars_in_expense_description['\u5c71\u7530\u592a\u90ce']" time="0.214" /><testcase classname="tests.concept.test_negative_inputs" name="test_NA03_special_chars_in_expense_description[' ']" time="0.182" /><testcase classname="tests.concept.test_negative_inputs" name="test_NA04_sql_injection_in_member_name_is_literal[Anna'; DROP TABLE fa]" time="0.188" /><testcase classname="tests.concept.test_negative_inputs" name="test_NA04_sql_injection_in_member_name_is_literal[1' OR '1'='1]" time="0.188" /><testcase classname="tests.concept.test_negative_inputs" name="test_NA04_sql_injection_in_member_name_is_literal['); DELETE FROM cont]" time="0.188" /><testcase classname="tests.concept.test_negative_inputs" name="test_NA04_sql_injection_in_member_name_is_literal[Anna&quot;; UPDATE family]" time="0.196" /><testcase classname="tests.concept.test_negative_inputs" name="test_NA04_sql_injection_in_member_name_is_literal[Anna\\'; SELECT * FRO]" time="0.196" /><testcase classname="tests.concept.test_negative_inputs" name="test_NA04_sql_injection_in_member_name_is_literal[%27%20OR%201=1%20--%]" time="0.198" /><testcase classname="tests.concept.test_negative_inputs" name="test_NA04_sql_injection_in_contract_fields[Anna'; DROP TABLE fa]" time="0.203" /><testcase classname="tests.concept.test_negative_inputs" name="test_NA04_sql_injection_in_contract_fields[1' OR '1'='1]" time="0.215" /><testcase classname="tests.concept.test_negative_inputs" name="test_NA04_sql_injection_in_contract_fields['); DELETE FROM cont]" time="0.201" /><testcase classname="tests.concept.test_negative_inputs" name="test_NA04_sql_injection_in_contract_fields[Anna&quot;; UPDATE family]" time="0.183" /><testcase classname="tests.concept.test_negative_inputs" name="test_NA04_sql_injection_in_contract_fields[Anna\\'; SELECT * FRO]" time="0.187" /><testcase classname="tests.concept.test_negative_inputs" name="test_NA04_sql_injection_in_contract_fields[%27%20OR%201=1%20--%]" time="0.185" /><testcase classname="tests.concept.test_negative_inputs" name="test_NA05_double_member_is_idempotent_or_distinct_ids" time="0.192" /><testcase classname="tests.concept.test_negative_inputs" name="test_NA11_missing_required_param_returns_friendly_error" time="0.187" /><testcase classname="tests.concept.test_negative_inputs" name="test_NA11_unknown_capability_returns_friendly_error" time="0.196" /><testcase classname="tests.concept.test_negative_inputs" name="test_NA11_invalid_param_type_does_not_crash" time="0.181" /><testcase classname="tests.concept.test_negative_network" name="test_NB01_unreachable_server_does_not_corrupt_state" time="2.044" /><testcase classname="tests.concept.test_negative_network" name="test_NB04_server_500_does_not_silently_succeed" time="0.518" /><testcase classname="tests.concept.test_negative_network" name="test_NB04_garbage_response_is_handled" time="0.517" /><testcase classname="tests.concept.test_negative_network" name="test_NB06_offline_then_sync_round_trips_events" time="0.028" /><testcase classname="tests.concept.test_negative_network" name="test_NB06_corrupt_log_lines_are_skipped" time="0.007" /><testcase classname="tests.concept.test_negative_network" name="test_NB07_lww_orders_by_lamport_then_time" time="0.014" /><testcase classname="tests.concept.test_negative_network" name="test_lamport_observe_clamps_negative_input" time="0.001" /><testcase classname="tests.concept.test_negative_network" name="test_sync_event_from_dict_handles_missing_fields" time="0.001" /><testcase classname="tests.concept.test_negative_security" name="test_ND04_tampered_payload_is_rejected" time="0.005" /><testcase classname="tests.concept.test_negative_security" name="test_ND04_tampered_signature_is_rejected" time="0.001" /><testcase classname="tests.concept.test_negative_security" name="test_ND04_swapped_signing_key_is_rejected" time="0.001" /><testcase classname="tests.concept.test_negative_security" name="test_NE01_invalid_token_strings[]" time="0.001" /><testcase classname="tests.concept.test_negative_security" name="test_NE01_invalid_token_strings[.]" time="0.001" /><testcase classname="tests.concept.test_negative_security" name="test_NE01_invalid_token_strings[no-dot-here]" time="0.001" /><testcase classname="tests.concept.test_negative_security" name="test_NE01_invalid_token_strings[...]" time="0.001" /><testcase classname="tests.concept.test_negative_security" name="test_NE01_invalid_token_strings[x.y.z.too.many.dots]" time="0.001" /><testcase classname="tests.concept.test_negative_security" name="test_NE01_invalid_token_strings[AAAA.BBBB]" time="0.001" /><testcase classname="tests.concept.test_negative_security" name="test_NE01_invalid_token_strings[{}.signature]" time="0.001" /><testcase classname="tests.concept.test_negative_security" name="test_NE02_expired_token_raises_token_expired" time="0.001" /><testcase classname="tests.concept.test_negative_security" name="test_NE02_expired_token_still_provides_payload" time="0.001" /><testcase classname="tests.concept.test_negative_security" name="test_NE03_empty_pubkey_is_rejected" time="0.001" /><testcase classname="tests.concept.test_negative_security" name="test_NE03_garbage_pubkey_is_rejected" time="0.001" /><testcase classname="tests.concept.test_negative_security" name="test_ND06_path_traversal_is_blocked" time="0.003" /><testcase classname="tests.concept.test_negative_security" name="test_ND06_legit_path_accepted" time="0.002" /><testcase classname="tests.concept.test_negative_security" name="test_ND10_escape_roundtrip_is_safe[Anna\nBEGIN:VCALENDAR\nMaliciousField:1\nEND:VCALENDAR]" time="0.001" /><testcase classname="tests.concept.test_negative_security" name="test_ND10_escape_roundtrip_is_safe[title;]" time="0.001" /><testcase classname="tests.concept.test_negative_security" name="test_ND10_escape_roundtrip_is_safe[title,with,commas]" time="0.001" /><testcase classname="tests.concept.test_negative_security" name="test_ND10_escape_roundtrip_is_safe[title with \\ backslash]" time="0.001" /><testcase classname="tests.concept.test_negative_security" name="test_ND10_escape_roundtrip_is_safe[\u200b zero-width space]" time="0.001" /><testcase classname="tests.concept.test_negative_security" name="test_token_id_auto_populated_for_revocation" time="0.001" /><testcase classname="tests.concept.test_pairwise_matrix" name="test_matrix_is_deterministic" time="1.639" /><testcase classname="tests.concept.test_pairwise_matrix" name="test_matrix_respects_constraints" time="0.807" /><testcase classname="tests.concept.test_pairwise_matrix" name="test_matrix_has_acceptable_size" time="0.000" /><testcase classname="tests.concept.test_pairwise_matrix" name="test_matrix_covers_at_least_95_percent_of_pairs" time="0.006" /><testcase classname="tests.concept.test_pairwise_matrix" name="test_sampled_cases_persist_in_real_repo[0]" time="0.221" /><testcase classname="tests.concept.test_pairwise_matrix" name="test_sampled_cases_persist_in_real_repo[25]" time="0.226" /><testcase classname="tests.concept.test_pairwise_matrix" name="test_sampled_cases_persist_in_real_repo[50]" time="0.233" /><testcase classname="tests.concept.test_pairwise_matrix" name="test_sampled_cases_persist_in_real_repo[75]" time="0.249" /><testcase classname="tests.concept.test_pairwise_matrix" name="test_sampled_cases_persist_in_real_repo[100]" time="0.196" /><testcase classname="tests.concept.test_pairwise_matrix" name="test_sampled_cases_persist_in_real_repo[125]" time="0.175" /><testcase classname="tests.concept.test_pairwise_matrix" name="test_sampled_cases_persist_in_real_repo[150]" time="0.290" /><testcase classname="tests.concept.test_pairwise_matrix" name="test_sampled_cases_persist_in_real_repo[175]" time="0.330" /><testcase classname="tests.concept.test_pairwise_matrix" name="test_artifact_tsv_written" time="0.001" /><testcase classname="tests.concept.test_playstore_sync" name="test_sample_config_validates_clean" time="0.001" /><testcase classname="tests.concept.test_playstore_sync" name="test_missing_top_level_keys_are_errors" time="0.001" /><testcase classname="tests.concept.test_playstore_sync" name="test_too_long_title_is_error" time="0.001" /><testcase classname="tests.concept.test_playstore_sync" name="test_too_long_short_description_is_error" time="0.001" /><testcase classname="tests.concept.test_playstore_sync" name="test_too_long_full_description_is_error" time="0.001" /><testcase classname="tests.concept.test_playstore_sync" name="test_invalid_package_name_is_error" time="0.001" /><testcase classname="tests.concept.test_playstore_sync" name="test_permission_overlap_declared_blocked_is_error" time="0.001" /><testcase classname="tests.concept.test_playstore_sync" name="test_user_fraction_out_of_range_is_error" time="0.001" /><testcase classname="tests.concept.test_playstore_sync" name="test_invalid_release_status_is_error" time="0.001" /><testcase classname="tests.concept.test_playstore_sync" name="test_missing_internet_permission_is_warning" time="0.001" /><testcase classname="tests.concept.test_playstore_sync" name="test_mock_roundtrip_persists_and_returns_identical" time="0.003" /><testcase classname="tests.concept.test_playstore_sync" name="test_mock_dry_run_does_not_modify_state" time="0.002" /><testcase classname="tests.concept.test_playstore_sync" name="test_mock_pull_unknown_package_raises" time="0.002" /><testcase classname="tests.concept.test_playstore_sync" name="test_diff_keys_empty_when_equal" time="0.001" /><testcase classname="tests.concept.test_playstore_sync" name="test_diff_keys_reports_changed_strings" time="0.000" /><testcase classname="tests.concept.test_playstore_sync" name="test_diff_keys_reports_added_and_removed" time="0.000" /><testcase classname="tests.concept.test_playstore_sync" name="test_merge_keeps_local_when_remote_empty" time="0.000" /><testcase classname="tests.concept.test_playstore_sync" name="test_merge_prefers_remote_when_not_empty" time="0.000" /><testcase classname="tests.concept.test_playstore_sync" name="test_init_from_repo_picks_up_buildozer_settings" time="0.001" /><testcase classname="tests.concept.test_playstore_sync" name="test_init_from_repo_has_required_top_level" time="0.001" /><testcase classname="tests.concept.test_playstore_sync" name="test_export_markdown_contains_all_sections" time="0.001" /><testcase classname="tests.concept.test_playstore_sync" name="test_export_markdown_shows_length_counters" time="0.000" /><testcase classname="tests.concept.test_playstore_sync" name="test_cli_init_writes_yaml" time="0.026" /><testcase classname="tests.concept.test_playstore_sync" name="test_cli_validate_on_sample" time="0.018" /><testcase classname="tests.concept.test_playstore_sync" name="test_cli_push_dry_run_and_pull_via_mock" time="0.063" /><testcase classname="tests.concept.test_playstore_sync" name="test_cli_export_writes_snapshot" time="0.022" /><testcase classname="tests.concept.test_playstore_sync" name="test_cli_push_aborts_on_invalid" time="0.004" /><testcase classname="tests.concept.test_playstore_sync" name="test_cli_sample_prints_yaml" time="0.006" /><testcase classname="tests.concept.test_playstore_sync" name="test_default_yaml_in_repo_is_valid" time="0.009" /><testcase classname="tests.concept.test_privacy_data_rights" name="test_PB02_purging_member_decouples_references" time="0.320" /><testcase classname="tests.concept.test_privacy_data_rights" name="test_PB03_export_all_produces_parseable_artifacts" time="0.238" /><testcase classname="tests.concept.test_privacy_data_rights" name="test_PB03_each_exporter_produces_header[export_contracts-vertraege.csv-contracts]" time="0.171" /><testcase classname="tests.concept.test_privacy_data_rights" name="test_PB03_each_exporter_produces_header[export_expenses-ausgaben.csv-expenses]" time="0.219" /><testcase classname="tests.concept.test_privacy_data_rights" name="test_PB03_each_exporter_produces_header[export_calendar-termine.csv-calendar]" time="0.220" /><testcase classname="tests.concept.test_privacy_data_rights" name="test_PB03_each_exporter_produces_header[export_social-kontakte.csv-social]" time="0.223" /><testcase classname="tests.concept.test_privacy_data_rights" name="test_PB03_each_exporter_produces_header[export_family-haushalt.csv-family]" time="0.333" /><testcase classname="tests.concept.test_privacy_data_rights" name="test_PB04_soft_delete_hides_then_restore_brings_back" time="0.250" /><testcase classname="tests.concept.test_privacy_data_rights" name="test_PB06_dropping_db_file_removes_all_data" time="0.454" /><testcase classname="tests.concept.test_privacy_data_rights" name="test_audit_log_format_does_not_leak_pii" time="0.207" /><testcase classname="tests.concept.test_privacy_scan" name="test_PD01_no_cleartext_http_urls[core/interface.py]" time="0.001" /><testcase classname="tests.concept.test_privacy_scan" name="test_PD01_no_cleartext_http_urls[core/__init__.py]" time="0.001" /><testcase classname="tests.concept.test_privacy_scan" name="test_PD01_no_cleartext_http_urls[modules/calendar.py]" time="0.001" /><testcase classname="tests.concept.test_privacy_scan" name="test_PD01_no_cleartext_http_urls[modules/contracts.py]" time="0.001" /><testcase classname="tests.concept.test_privacy_scan" name="test_PD01_no_cleartext_http_urls[modules/daystructure.py]" time="0.001" /><testcase classname="tests.concept.test_privacy_scan" name="test_PD01_no_cleartext_http_urls[modules/family.py]" time="0.001" /><testcase classname="tests.concept.test_privacy_scan" name="test_PD01_no_cleartext_http_urls[modules/finance.py]" time="0.001" /><testcase classname="tests.concept.test_privacy_scan" name="test_PD01_no_cleartext_http_urls[modules/inbox.py]" time="0.001" /><testcase classname="tests.concept.test_privacy_scan" name="test_PD01_no_cleartext_http_urls[modules/notes.py]" time="0.001" /><testcase classname="tests.concept.test_privacy_scan" name="test_PD01_no_cleartext_http_urls[modules/search.py]" time="0.001" /><testcase classname="tests.concept.test_privacy_scan" name="test_PD01_no_cleartext_http_urls[modules/social.py]" time="0.001" /><testcase classname="tests.concept.test_privacy_scan" name="test_PD01_no_cleartext_http_urls[modules/statistics.py]" time="0.001" /><testcase classname="tests.concept.test_privacy_scan" name="test_PD01_no_cleartext_http_urls[modules/templates.py]" time="0.001" /><testcase classname="tests.concept.test_privacy_scan" name="test_PD01_no_cleartext_http_urls[modules/__init__.py]" time="0.001" /><testcase classname="tests.concept.test_privacy_scan" name="test_PD01_no_cleartext_http_urls[services/activation_flow.py]" time="0.001" /><testcase classname="tests.concept.test_privacy_scan" name="test_PD01_no_cleartext_http_urls[services/backup.py]" time="0.001" /><testcase classname="tests.concept.test_privacy_scan" name="test_PD01_no_cleartext_http_urls[services/config.py]" time="0.001" /><testcase classname="tests.concept.test_privacy_scan" name="test_PD01_no_cleartext_http_urls[services/escaping.py]" time="0.001" /><testcase classname="tests.concept.test_privacy_scan" name="test_PD01_no_cleartext_http_urls[services/export.py]" time="0.001" /><testcase classname="tests.concept.test_privacy_scan" name="test_PD01_no_cleartext_http_urls[services/gemini.py]" time="0.001" /><testcase classname="tests.concept.test_privacy_scan" name="test_PD01_no_cleartext_http_urls[services/i18n.py]" time="0.001" /><testcase classname="tests.concept.test_privacy_scan" name="test_PD01_no_cleartext_http_urls[services/ical.py]" time="0.001" /><testcase classname="tests.concept.test_privacy_scan" name="test_PD01_no_cleartext_http_urls[services/import_csv.py]" time="0.001" /><testcase classname="tests.concept.test_privacy_scan" name="test_PD01_no_cleartext_http_urls[services/io_validation.py]" time="0.001" /><testcase classname="tests.concept.test_privacy_scan" name="test_PD01_no_cleartext_http_urls[services/license_events.py]" time="0.001" /><testcase classname="tests.concept.test_privacy_scan" name="test_PD01_no_cleartext_http_urls[services/license_gate.py]" time="0.001" /><testcase classname="tests.concept.test_privacy_scan" name="test_PD01_no_cleartext_http_urls[services/license_token.py]" time="0.001" /><testcase classname="tests.concept.test_privacy_scan" name="test_PD01_no_cleartext_http_urls[services/license_ui.py]" time="0.001" /><testcase classname="tests.concept.test_privacy_scan" name="test_PD01_no_cleartext_http_urls[services/licensing.py]" time="0.001" /><testcase classname="tests.concept.test_privacy_scan" name="test_PD01_no_cleartext_http_urls[services/llm.py]" time="0.001" /><testcase classname="tests.concept.test_privacy_scan" name="test_PD01_no_cleartext_http_urls[services/logging_setup.py]" time="0.001" /><testcase classname="tests.concept.test_privacy_scan" name="test_PD01_no_cleartext_http_urls[services/notifier.py]" time="0.001" /><testcase classname="tests.concept.test_privacy_scan" name="test_PD01_no_cleartext_http_urls[services/ocr.py]" time="0.001" /><testcase classname="tests.concept.test_privacy_scan" name="test_PD01_no_cleartext_http_urls[services/open_file.py]" time="0.001" /><testcase classname="tests.concept.test_privacy_scan" name="test_PD01_no_cleartext_http_urls[services/output.py]" time="0.001" /><testcase classname="tests.concept.test_privacy_scan" name="test_PD01_no_cleartext_http_urls[services/payment.py]" time="0.001" /><testcase classname="tests.concept.test_privacy_scan" name="test_PD01_no_cleartext_http_urls[services/payment_adapter_lemon.py]" time="0.001" /><testcase classname="tests.concept.test_privacy_scan" name="test_PD01_no_cleartext_http_urls[services/payment_adapter_paddle.py]" time="0.001" /><testcase classname="tests.concept.test_privacy_scan" name="test_PD01_no_cleartext_http_urls[services/payment_issuer.py]" time="0.001" /><testcase classname="tests.concept.test_privacy_scan" name="test_PD01_no_cleartext_http_urls[services/payment_server.py]" time="0.001" /><testcase classname="tests.concept.test_privacy_scan" name="test_PD01_no_cleartext_http_urls[services/profile.py]" time="0.001" /><testcase classname="tests.concept.test_privacy_scan" name="test_PD01_no_cleartext_http_urls[services/reports.py]" time="0.001" /><testcase classname="tests.concept.test_privacy_scan" name="test_PD01_no_cleartext_http_urls[services/scheduler.py]" time="0.001" /><testcase classname="tests.concept.test_privacy_scan" name="test_PD01_no_cleartext_http_urls[services/sync.py]" time="0.001" /><testcase classname="tests.concept.test_privacy_scan" name="test_PD01_no_cleartext_http_urls[services/sync_server.py]" time="0.001" /><testcase classname="tests.concept.test_privacy_scan" name="test_PD01_no_cleartext_http_urls[services/vcard.py]" time="0.001" /><testcase classname="tests.concept.test_privacy_scan" name="test_PD01_no_cleartext_http_urls[services/__init__.py]" time="0.001" /><testcase classname="tests.concept.test_privacy_scan" name="test_PD01_no_cleartext_http_urls[services/pairing/identity.py]" time="0.001" /><testcase classname="tests.concept.test_privacy_scan" name="test_PD01_no_cleartext_http_urls[services/pairing/kdf.py]" time="0.001" /><testcase classname="tests.concept.test_privacy_scan" name="test_PD01_no_cleartext_http_urls[services/pairing/secure_store.py]" time="0.001" /><testcase classname="tests.concept.test_privacy_scan" name="test_PD01_no_cleartext_http_urls[services/pairing/session.py]" time="0.001" /><testcase classname="tests.concept.test_privacy_scan" name="test_PD01_no_cleartext_http_urls[services/pairing/transcript.py]" time="0.001" /><testcase classname="tests.concept.test_privacy_scan" name="test_PD01_no_cleartext_http_urls[services/pairing/__init__.py]" time="0.001" /><testcase classname="tests.concept.test_privacy_scan" name="test_PD01_no_cleartext_http_urls[mobile/app.py]" time="0.001" /><testcase classname="tests.concept.test_privacy_scan" name="test_PD01_no_cleartext_http_urls[mobile/helpers.py]" time="0.001" /><testcase classname="tests.concept.test_privacy_scan" name="test_PD01_no_cleartext_http_urls[mobile/__init__.py]" time="0.001" /><testcase classname="tests.concept.test_privacy_scan" name="test_PD01_no_cleartext_http_urls[mobile/screens/calendar.py]" time="0.001" /><testcase classname="tests.concept.test_privacy_scan" name="test_PD01_no_cleartext_http_urls[mobile/screens/contracts.py]" time="0.001" /><testcase classname="tests.concept.test_privacy_scan" name="test_PD01_no_cleartext_http_urls[mobile/screens/dashboard.py]" time="0.001" /><testcase classname="tests.concept.test_privacy_scan" name="test_PD01_no_cleartext_http_urls[mobile/screens/finance.py]" time="0.001" /><testcase classname="tests.concept.test_privacy_scan" name="test_PD01_no_cleartext_http_urls[mobile/screens/more.py]" time="0.001" /><testcase classname="tests.concept.test_privacy_scan" name="test_PD01_no_cleartext_http_urls[mobile/screens/__init__.py]" time="0.001" /><testcase classname="tests.concept.test_privacy_scan" name="test_PD01_no_cleartext_http_urls[tools/dashboard.py]" time="0.001" /><testcase classname="tests.concept.test_privacy_scan" name="test_PD01_no_cleartext_http_urls[tools/gen_api_doc.py]" time="0.001" /><testcase classname="tests.concept.test_privacy_scan" name="test_PD01_no_cleartext_http_urls[tools/gen_license.py]" time="0.001" /><testcase classname="tests.concept.test_privacy_scan" name="test_PD01_no_cleartext_http_urls[tools/md_to_html.py]" time="0.001" /><testcase classname="tests.concept.test_privacy_scan" name="test_PD01_no_cleartext_http_urls[tools/payment_server.py]" time="0.001" /><testcase classname="tests.concept.test_privacy_scan" name="test_PD01_no_cleartext_http_urls[tools/playstore_check.py]" time="0.001" /><testcase classname="tests.concept.test_privacy_scan" name="test_PD01_no_cleartext_http_urls[tools/playstore_sync.py]" time="0.001" /><testcase classname="tests.concept.test_privacy_scan" name="test_PD01_no_cleartext_http_urls[tools/test_protocol.py]" time="0.001" /><testcase classname="tests.concept.test_privacy_scan" name="test_PD01_no_cleartext_http_urls[assistant.py]" time="0.001" /><testcase classname="tests.concept.test_privacy_scan" name="test_PD01_no_cleartext_http_urls[database.py]" time="0.002" /><testcase classname="tests.concept.test_privacy_scan" name="test_PD01_no_cleartext_http_urls[gui.py]" time="0.003" /><testcase classname="tests.concept.test_privacy_scan" name="test_PD01_no_cleartext_http_urls[main.py]" time="0.001" /><testcase classname="tests.concept.test_privacy_scan" name="test_PD01_no_cleartext_http_urls[models.py]" time="0.001" /><testcase classname="tests.concept.test_privacy_scan" name="test_PD01_no_cleartext_http_urls[__main__.py]" time="0.001" /><testcase classname="tests.concept.test_privacy_scan" name="test_PD01_no_cleartext_http_urls[diagnose.py]" time="0.001" /><testcase classname="tests.concept.test_privacy_scan" name="test_JS02_no_hardcoded_secrets[core/interface.py]" time="0.001" /><testcase classname="tests.concept.test_privacy_scan" name="test_JS02_no_hardcoded_secrets[core/__init__.py]" time="0.001" /><testcase classname="tests.concept.test_privacy_scan" name="test_JS02_no_hardcoded_secrets[modules/calendar.py]" time="0.001" /><testcase classname="tests.concept.test_privacy_scan" name="test_JS02_no_hardcoded_secrets[modules/contracts.py]" time="0.001" /><testcase classname="tests.concept.test_privacy_scan" name="test_JS02_no_hardcoded_secrets[modules/daystructure.py]" time="0.001" /><testcase classname="tests.concept.test_privacy_scan" name="test_JS02_no_hardcoded_secrets[modules/family.py]" time="0.001" /><testcase classname="tests.concept.test_privacy_scan" name="test_JS02_no_hardcoded_secrets[modules/finance.py]" time="0.001" /><testcase classname="tests.concept.test_privacy_scan" name="test_JS02_no_hardcoded_secrets[modules/inbox.py]" time="0.001" /><testcase classname="tests.concept.test_privacy_scan" name="test_JS02_no_hardcoded_secrets[modules/notes.py]" time="0.001" /><testcase classname="tests.concept.test_privacy_scan" name="test_JS02_no_hardcoded_secrets[modules/search.py]" time="0.001" /><testcase classname="tests.concept.test_privacy_scan" name="test_JS02_no_hardcoded_secrets[modules/social.py]" time="0.001" /><testcase classname="tests.concept.test_privacy_scan" name="test_JS02_no_hardcoded_secrets[modules/statistics.py]" time="0.001" /><testcase classname="tests.concept.test_privacy_scan" name="test_JS02_no_hardcoded_secrets[modules/templates.py]" time="0.001" /><testcase classname="tests.concept.test_privacy_scan" name="test_JS02_no_hardcoded_secrets[modules/__init__.py]" time="0.001" /><testcase classname="tests.concept.test_privacy_scan" name="test_JS02_no_hardcoded_secrets[services/activation_flow.py]" time="0.001" /><testcase classname="tests.concept.test_privacy_scan" name="test_JS02_no_hardcoded_secrets[services/backup.py]" time="0.001" /><testcase classname="tests.concept.test_privacy_scan" name="test_JS02_no_hardcoded_secrets[services/config.py]" time="0.001" /><testcase classname="tests.concept.test_privacy_scan" name="test_JS02_no_hardcoded_secrets[services/escaping.py]" time="0.001" /><testcase classname="tests.concept.test_privacy_scan" name="test_JS02_no_hardcoded_secrets[services/export.py]" time="0.001" /><testcase classname="tests.concept.test_privacy_scan" name="test_JS02_no_hardcoded_secrets[services/gemini.py]" time="0.001" /><testcase classname="tests.concept.test_privacy_scan" name="test_JS02_no_hardcoded_secrets[services/i18n.py]" time="0.001" /><testcase classname="tests.concept.test_privacy_scan" name="test_JS02_no_hardcoded_secrets[services/ical.py]" time="0.001" /><testcase classname="tests.concept.test_privacy_scan" name="test_JS02_no_hardcoded_secrets[services/import_csv.py]" time="0.001" /><testcase classname="tests.concept.test_privacy_scan" name="test_JS02_no_hardcoded_secrets[services/io_validation.py]" time="0.001" /><testcase classname="tests.concept.test_privacy_scan" name="test_JS02_no_hardcoded_secrets[services/license_events.py]" time="0.001" /><testcase classname="tests.concept.test_privacy_scan" name="test_JS02_no_hardcoded_secrets[services/license_gate.py]" time="0.001" /><testcase classname="tests.concept.test_privacy_scan" name="test_JS02_no_hardcoded_secrets[services/license_token.py]" time="0.001" /><testcase classname="tests.concept.test_privacy_scan" name="test_JS02_no_hardcoded_secrets[services/license_ui.py]" time="0.001" /><testcase classname="tests.concept.test_privacy_scan" name="test_JS02_no_hardcoded_secrets[services/licensing.py]" time="0.001" /><testcase classname="tests.concept.test_privacy_scan" name="test_JS02_no_hardcoded_secrets[services/llm.py]" time="0.001" /><testcase classname="tests.concept.test_privacy_scan" name="test_JS02_no_hardcoded_secrets[services/logging_setup.py]" time="0.001" /><testcase classname="tests.concept.test_privacy_scan" name="test_JS02_no_hardcoded_secrets[services/notifier.py]" time="0.001" /><testcase classname="tests.concept.test_privacy_scan" name="test_JS02_no_hardcoded_secrets[services/ocr.py]" time="0.001" /><testcase classname="tests.concept.test_privacy_scan" name="test_JS02_no_hardcoded_secrets[services/open_file.py]" time="0.001" /><testcase classname="tests.concept.test_privacy_scan" name="test_JS02_no_hardcoded_secrets[services/output.py]" time="0.001" /><testcase classname="tests.concept.test_privacy_scan" name="test_JS02_no_hardcoded_secrets[services/payment.py]" time="0.001" /><testcase classname="tests.concept.test_privacy_scan" name="test_JS02_no_hardcoded_secrets[services/payment_adapter_lemon.py]" time="0.001" /><testcase classname="tests.concept.test_privacy_scan" name="test_JS02_no_hardcoded_secrets[services/payment_adapter_paddle.py]" time="0.001" /><testcase classname="tests.concept.test_privacy_scan" name="test_JS02_no_hardcoded_secrets[services/payment_issuer.py]" time="0.001" /><testcase classname="tests.concept.test_privacy_scan" name="test_JS02_no_hardcoded_secrets[services/payment_server.py]" time="0.001" /><testcase classname="tests.concept.test_privacy_scan" name="test_JS02_no_hardcoded_secrets[services/profile.py]" time="0.001" /><testcase classname="tests.concept.test_privacy_scan" name="test_JS02_no_hardcoded_secrets[services/reports.py]" time="0.001" /><testcase classname="tests.concept.test_privacy_scan" name="test_JS02_no_hardcoded_secrets[services/scheduler.py]" time="0.001" /><testcase classname="tests.concept.test_privacy_scan" name="test_JS02_no_hardcoded_secrets[services/sync.py]" time="0.001" /><testcase classname="tests.concept.test_privacy_scan" name="test_JS02_no_hardcoded_secrets[services/sync_server.py]" time="0.001" /><testcase classname="tests.concept.test_privacy_scan" name="test_JS02_no_hardcoded_secrets[services/vcard.py]" time="0.001" /><testcase classname="tests.concept.test_privacy_scan" name="test_JS02_no_hardcoded_secrets[services/__init__.py]" time="0.001" /><testcase classname="tests.concept.test_privacy_scan" name="test_JS02_no_hardcoded_secrets[services/pairing/identity.py]" time="0.001" /><testcase classname="tests.concept.test_privacy_scan" name="test_JS02_no_hardcoded_secrets[services/pairing/kdf.py]" time="0.001" /><testcase classname="tests.concept.test_privacy_scan" name="test_JS02_no_hardcoded_secrets[services/pairing/secure_store.py]" time="0.001" /><testcase classname="tests.concept.test_privacy_scan" name="test_JS02_no_hardcoded_secrets[services/pairing/session.py]" time="0.001" /><testcase classname="tests.concept.test_privacy_scan" name="test_JS02_no_hardcoded_secrets[services/pairing/transcript.py]" time="0.001" /><testcase classname="tests.concept.test_privacy_scan" name="test_JS02_no_hardcoded_secrets[services/pairing/__init__.py]" time="0.001" /><testcase classname="tests.concept.test_privacy_scan" name="test_JS02_no_hardcoded_secrets[mobile/app.py]" time="0.001" /><testcase classname="tests.concept.test_privacy_scan" name="test_JS02_no_hardcoded_secrets[mobile/helpers.py]" time="0.001" /><testcase classname="tests.concept.test_privacy_scan" name="test_JS02_no_hardcoded_secrets[mobile/__init__.py]" time="0.001" /><testcase classname="tests.concept.test_privacy_scan" name="test_JS02_no_hardcoded_secrets[mobile/screens/calendar.py]" time="0.001" /><testcase classname="tests.concept.test_privacy_scan" name="test_JS02_no_hardcoded_secrets[mobile/screens/contracts.py]" time="0.001" /><testcase classname="tests.concept.test_privacy_scan" name="test_JS02_no_hardcoded_secrets[mobile/screens/dashboard.py]" time="0.001" /><testcase classname="tests.concept.test_privacy_scan" name="test_JS02_no_hardcoded_secrets[mobile/screens/finance.py]" time="0.001" /><testcase classname="tests.concept.test_privacy_scan" name="test_JS02_no_hardcoded_secrets[mobile/screens/more.py]" time="0.001" /><testcase classname="tests.concept.test_privacy_scan" name="test_JS02_no_hardcoded_secrets[mobile/screens/__init__.py]" time="0.001" /><testcase classname="tests.concept.test_privacy_scan" name="test_JS02_no_hardcoded_secrets[tools/dashboard.py]" time="0.001" /><testcase classname="tests.concept.test_privacy_scan" name="test_JS02_no_hardcoded_secrets[tools/gen_api_doc.py]" time="0.001" /><testcase classname="tests.concept.test_privacy_scan" name="test_JS02_no_hardcoded_secrets[tools/gen_license.py]" time="0.001" /><testcase classname="tests.concept.test_privacy_scan" name="test_JS02_no_hardcoded_secrets[tools/md_to_html.py]" time="0.001" /><testcase classname="tests.concept.test_privacy_scan" name="test_JS02_no_hardcoded_secrets[tools/payment_server.py]" time="0.001" /><testcase classname="tests.concept.test_privacy_scan" name="test_JS02_no_hardcoded_secrets[tools/playstore_check.py]" time="0.001" /><testcase classname="tests.concept.test_privacy_scan" name="test_JS02_no_hardcoded_secrets[tools/playstore_sync.py]" time="0.001" /><testcase classname="tests.concept.test_privacy_scan" name="test_JS02_no_hardcoded_secrets[tools/test_protocol.py]" time="0.001" /><testcase classname="tests.concept.test_privacy_scan" name="test_JS02_no_hardcoded_secrets[assistant.py]" time="0.001" /><testcase classname="tests.concept.test_privacy_scan" name="test_JS02_no_hardcoded_secrets[database.py]" time="0.001" /><testcase classname="tests.concept.test_privacy_scan" name="test_JS02_no_hardcoded_secrets[gui.py]" time="0.001" /><testcase classname="tests.concept.test_privacy_scan" name="test_JS02_no_hardcoded_secrets[main.py]" time="0.001" /><testcase classname="tests.concept.test_privacy_scan" name="test_JS02_no_hardcoded_secrets[models.py]" time="0.001" /><testcase classname="tests.concept.test_privacy_scan" name="test_JS02_no_hardcoded_secrets[__main__.py]" time="0.001" /><testcase classname="tests.concept.test_privacy_scan" name="test_JS02_no_hardcoded_secrets[diagnose.py]" time="0.001" /><testcase classname="tests.concept.test_privacy_scan" name="test_PD04_no_pii_in_log_statements[core/interface.py]" time="0.001" /><testcase classname="tests.concept.test_privacy_scan" name="test_PD04_no_pii_in_log_statements[core/__init__.py]" time="0.001" /><testcase classname="tests.concept.test_privacy_scan" name="test_PD04_no_pii_in_log_statements[modules/calendar.py]" time="0.001" /><testcase classname="tests.concept.test_privacy_scan" name="test_PD04_no_pii_in_log_statements[modules/contracts.py]" time="0.001" /><testcase classname="tests.concept.test_privacy_scan" name="test_PD04_no_pii_in_log_statements[modules/daystructure.py]" time="0.001" /><testcase classname="tests.concept.test_privacy_scan" name="test_PD04_no_pii_in_log_statements[modules/family.py]" time="0.001" /><testcase classname="tests.concept.test_privacy_scan" name="test_PD04_no_pii_in_log_statements[modules/finance.py]" time="0.001" /><testcase classname="tests.concept.test_privacy_scan" name="test_PD04_no_pii_in_log_statements[modules/inbox.py]" time="0.001" /><testcase classname="tests.concept.test_privacy_scan" name="test_PD04_no_pii_in_log_statements[modules/notes.py]" time="0.001" /><testcase classname="tests.concept.test_privacy_scan" name="test_PD04_no_pii_in_log_statements[modules/search.py]" time="0.001" /><testcase classname="tests.concept.test_privacy_scan" name="test_PD04_no_pii_in_log_statements[modules/social.py]" time="0.001" /><testcase classname="tests.concept.test_privacy_scan" name="test_PD04_no_pii_in_log_statements[modules/statistics.py]" time="0.001" /><testcase classname="tests.concept.test_privacy_scan" name="test_PD04_no_pii_in_log_statements[modules/templates.py]" time="0.001" /><testcase classname="tests.concept.test_privacy_scan" name="test_PD04_no_pii_in_log_statements[modules/__init__.py]" time="0.001" /><testcase classname="tests.concept.test_privacy_scan" name="test_PD04_no_pii_in_log_statements[services/activation_flow.py]" time="0.001" /><testcase classname="tests.concept.test_privacy_scan" name="test_PD04_no_pii_in_log_statements[services/backup.py]" time="0.001" /><testcase classname="tests.concept.test_privacy_scan" name="test_PD04_no_pii_in_log_statements[services/config.py]" time="0.001" /><testcase classname="tests.concept.test_privacy_scan" name="test_PD04_no_pii_in_log_statements[services/escaping.py]" time="0.001" /><testcase classname="tests.concept.test_privacy_scan" name="test_PD04_no_pii_in_log_statements[services/export.py]" time="0.001" /><testcase classname="tests.concept.test_privacy_scan" name="test_PD04_no_pii_in_log_statements[services/gemini.py]" time="0.001" /><testcase classname="tests.concept.test_privacy_scan" name="test_PD04_no_pii_in_log_statements[services/i18n.py]" time="0.001" /><testcase classname="tests.concept.test_privacy_scan" name="test_PD04_no_pii_in_log_statements[services/ical.py]" time="0.001" /><testcase classname="tests.concept.test_privacy_scan" name="test_PD04_no_pii_in_log_statements[services/import_csv.py]" time="0.001" /><testcase classname="tests.concept.test_privacy_scan" name="test_PD04_no_pii_in_log_statements[services/io_validation.py]" time="0.001" /><testcase classname="tests.concept.test_privacy_scan" name="test_PD04_no_pii_in_log_statements[services/license_events.py]" time="0.001" /><testcase classname="tests.concept.test_privacy_scan" name="test_PD04_no_pii_in_log_statements[services/license_gate.py]" time="0.001" /><testcase classname="tests.concept.test_privacy_scan" name="test_PD04_no_pii_in_log_statements[services/license_token.py]" time="0.001" /><testcase classname="tests.concept.test_privacy_scan" name="test_PD04_no_pii_in_log_statements[services/license_ui.py]" time="0.001" /><testcase classname="tests.concept.test_privacy_scan" name="test_PD04_no_pii_in_log_statements[services/licensing.py]" time="0.001" /><testcase classname="tests.concept.test_privacy_scan" name="test_PD04_no_pii_in_log_statements[services/llm.py]" time="0.001" /><testcase classname="tests.concept.test_privacy_scan" name="test_PD04_no_pii_in_log_statements[services/logging_setup.py]" time="0.001" /><testcase classname="tests.concept.test_privacy_scan" name="test_PD04_no_pii_in_log_statements[services/notifier.py]" time="0.001" /><testcase classname="tests.concept.test_privacy_scan" name="test_PD04_no_pii_in_log_statements[services/ocr.py]" time="0.001" /><testcase classname="tests.concept.test_privacy_scan" name="test_PD04_no_pii_in_log_statements[services/open_file.py]" time="0.001" /><testcase classname="tests.concept.test_privacy_scan" name="test_PD04_no_pii_in_log_statements[services/output.py]" time="0.001" /><testcase classname="tests.concept.test_privacy_scan" name="test_PD04_no_pii_in_log_statements[services/payment.py]" time="0.001" /><testcase classname="tests.concept.test_privacy_scan" name="test_PD04_no_pii_in_log_statements[services/payment_adapter_lemon.py]" time="0.001" /><testcase classname="tests.concept.test_privacy_scan" name="test_PD04_no_pii_in_log_statements[services/payment_adapter_paddle.py]" time="0.001" /><testcase classname="tests.concept.test_privacy_scan" name="test_PD04_no_pii_in_log_statements[services/payment_issuer.py]" time="0.001" /><testcase classname="tests.concept.test_privacy_scan" name="test_PD04_no_pii_in_log_statements[services/payment_server.py]" time="0.001" /><testcase classname="tests.concept.test_privacy_scan" name="test_PD04_no_pii_in_log_statements[services/profile.py]" time="0.001" /><testcase classname="tests.concept.test_privacy_scan" name="test_PD04_no_pii_in_log_statements[services/reports.py]" time="0.001" /><testcase classname="tests.concept.test_privacy_scan" name="test_PD04_no_pii_in_log_statements[services/scheduler.py]" time="0.001" /><testcase classname="tests.concept.test_privacy_scan" name="test_PD04_no_pii_in_log_statements[services/sync.py]" time="0.001" /><testcase classname="tests.concept.test_privacy_scan" name="test_PD04_no_pii_in_log_statements[services/sync_server.py]" time="0.001" /><testcase classname="tests.concept.test_privacy_scan" name="test_PD04_no_pii_in_log_statements[services/vcard.py]" time="0.001" /><testcase classname="tests.concept.test_privacy_scan" name="test_PD04_no_pii_in_log_statements[services/__init__.py]" time="0.001" /><testcase classname="tests.concept.test_privacy_scan" name="test_PD04_no_pii_in_log_statements[services/pairing/identity.py]" time="0.001" /><testcase classname="tests.concept.test_privacy_scan" name="test_PD04_no_pii_in_log_statements[services/pairing/kdf.py]" time="0.001" /><testcase classname="tests.concept.test_privacy_scan" name="test_PD04_no_pii_in_log_statements[services/pairing/secure_store.py]" time="0.001" /><testcase classname="tests.concept.test_privacy_scan" name="test_PD04_no_pii_in_log_statements[services/pairing/session.py]" time="0.001" /><testcase classname="tests.concept.test_privacy_scan" name="test_PD04_no_pii_in_log_statements[services/pairing/transcript.py]" time="0.001" /><testcase classname="tests.concept.test_privacy_scan" name="test_PD04_no_pii_in_log_statements[services/pairing/__init__.py]" time="0.001" /><testcase classname="tests.concept.test_privacy_scan" name="test_PD04_no_pii_in_log_statements[mobile/app.py]" time="0.001" /><testcase classname="tests.concept.test_privacy_scan" name="test_PD04_no_pii_in_log_statements[mobile/helpers.py]" time="0.001" /><testcase classname="tests.concept.test_privacy_scan" name="test_PD04_no_pii_in_log_statements[mobile/__init__.py]" time="0.001" /><testcase classname="tests.concept.test_privacy_scan" name="test_PD04_no_pii_in_log_statements[mobile/screens/calendar.py]" time="0.001" /><testcase classname="tests.concept.test_privacy_scan" name="test_PD04_no_pii_in_log_statements[mobile/screens/contracts.py]" time="0.001" /><testcase classname="tests.concept.test_privacy_scan" name="test_PD04_no_pii_in_log_statements[mobile/screens/dashboard.py]" time="0.001" /><testcase classname="tests.concept.test_privacy_scan" name="test_PD04_no_pii_in_log_statements[mobile/screens/finance.py]" time="0.001" /><testcase classname="tests.concept.test_privacy_scan" name="test_PD04_no_pii_in_log_statements[mobile/screens/more.py]" time="0.001" /><testcase classname="tests.concept.test_privacy_scan" name="test_PD04_no_pii_in_log_statements[mobile/screens/__init__.py]" time="0.001" /><testcase classname="tests.concept.test_privacy_scan" name="test_PD04_no_pii_in_log_statements[tools/dashboard.py]" time="0.002" /><testcase classname="tests.concept.test_privacy_scan" name="test_PD04_no_pii_in_log_statements[tools/gen_api_doc.py]" time="0.001" /><testcase classname="tests.concept.test_privacy_scan" name="test_PD04_no_pii_in_log_statements[tools/gen_license.py]" time="0.001" /><testcase classname="tests.concept.test_privacy_scan" name="test_PD04_no_pii_in_log_statements[tools/md_to_html.py]" time="0.001" /><testcase classname="tests.concept.test_privacy_scan" name="test_PD04_no_pii_in_log_statements[tools/payment_server.py]" time="0.001" /><testcase classname="tests.concept.test_privacy_scan" name="test_PD04_no_pii_in_log_statements[tools/playstore_check.py]" time="0.001" /><testcase classname="tests.concept.test_privacy_scan" name="test_PD04_no_pii_in_log_statements[tools/playstore_sync.py]" time="0.002" /><testcase classname="tests.concept.test_privacy_scan" name="test_PD04_no_pii_in_log_statements[tools/test_protocol.py]" time="0.001" /><testcase classname="tests.concept.test_privacy_scan" name="test_PD04_no_pii_in_log_statements[assistant.py]" time="0.001" /><testcase classname="tests.concept.test_privacy_scan" name="test_PD04_no_pii_in_log_statements[database.py]" time="0.002" /><testcase classname="tests.concept.test_privacy_scan" name="test_PD04_no_pii_in_log_statements[gui.py]" time="0.004" /><testcase classname="tests.concept.test_privacy_scan" name="test_PD04_no_pii_in_log_statements[main.py]" time="0.001" /><testcase classname="tests.concept.test_privacy_scan" name="test_PD04_no_pii_in_log_statements[models.py]" time="0.001" /><testcase classname="tests.concept.test_privacy_scan" name="test_PD04_no_pii_in_log_statements[__main__.py]" time="0.001" /><testcase classname="tests.concept.test_privacy_scan" name="test_PD04_no_pii_in_log_statements[diagnose.py]" time="0.001" /><testcase classname="tests.concept.test_privacy_scan" name="test_PC01_only_whitelisted_permissions" time="0.001" /><testcase classname="tests.concept.test_privacy_scan" name="test_PC01_at_least_internet_declared" time="0.001" /><testcase classname="tests.concept.test_privacy_scan" name="test_PD08_backup_flag_is_explicit" time="0.001" /><testcase classname="tests.concept.test_privacy_scan" name="test_JG03_target_sdk_meets_play_minimum" time="0.001" /><testcase classname="tests.concept.test_privacy_scan" name="test_JG03_min_sdk_is_supported" time="0.001" /><testcase classname="tests.concept.test_privacy_scan" name="test_PA01_legal_docs_present[DATENSCHUTZ.md]" time="0.001" /><testcase classname="tests.concept.test_privacy_scan" name="test_PA01_legal_docs_present[IMPRESSUM.md]" time="0.001" /><testcase classname="tests.concept.test_privacy_scan" name="test_PA01_legal_docs_present[AGB.md]" time="0.001" /><testcase classname="tests.concept.test_privacy_scan" name="test_PA01_legal_docs_present[WIDERRUF.md]" time="0.001" /><testcase classname="tests.concept.test_privacy_scan" name="test_PA01_legal_docs_not_empty" time="0.001" /><testcase classname="tests.concept.test_privacy_scan" name="test_PA04_sdk_inventory_mentioned" time="0.001" /><testcase classname="tests.concept.test_privacy_scan" name="test_PB01_account_deletion_capability_exists" time="0.181" /><testcase classname="tests.concept.test_properties_concept" name="test_P1_rotation_advances_one_step" time="4.414" /><testcase classname="tests.concept.test_properties_concept" name="test_P2_overdue_task_rolls_forward_to_future" time="4.442" /><testcase classname="tests.concept.test_properties_concept" name="test_P3_guest_cannot_perform_destructive[GROUP_CREATE]" time="0.001" /><testcase classname="tests.concept.test_properties_concept" name="test_P3_guest_cannot_perform_destructive[GROUP_DELETE]" time="0.001" /><testcase classname="tests.concept.test_properties_concept" name="test_P3_guest_cannot_perform_destructive[OWNERSHIP_TRANSFER]" time="0.001" /><testcase classname="tests.concept.test_properties_concept" name="test_P3_guest_cannot_perform_destructive[MEMBER_INVITE]" time="0.001" /><testcase classname="tests.concept.test_properties_concept" name="test_P3_guest_cannot_perform_destructive[MEMBER_REMOVE]" time="0.001" /><testcase classname="tests.concept.test_properties_concept" name="test_P3_guest_cannot_perform_destructive[MEMBER_CHANGE_ROLE]" time="0.001" /><testcase classname="tests.concept.test_properties_concept" name="test_P3_guest_cannot_perform_destructive[TASK_CREATE]" time="0.001" /><testcase classname="tests.concept.test_properties_concept" name="test_P3_guest_cannot_perform_destructive[TASK_ASSIGN_OTHER]" time="0.001" /><testcase classname="tests.concept.test_properties_concept" name="test_P3_guest_cannot_perform_destructive[TASK_CLOSE_OTHER]" time="0.001" /><testcase classname="tests.concept.test_properties_concept" name="test_P3_guest_cannot_perform_destructive[DATA_EXPORT]" time="0.001" /><testcase classname="tests.concept.test_properties_concept" name="test_P4_owner_allowed_everything[GROUP_CREATE]" time="0.001" /><testcase classname="tests.concept.test_properties_concept" name="test_P4_owner_allowed_everything[GROUP_DELETE]" time="0.001" /><testcase classname="tests.concept.test_properties_concept" name="test_P4_owner_allowed_everything[OWNERSHIP_TRANSFER]" time="0.001" /><testcase classname="tests.concept.test_properties_concept" name="test_P4_owner_allowed_everything[MEMBER_INVITE]" time="0.001" /><testcase classname="tests.concept.test_properties_concept" name="test_P4_owner_allowed_everything[MEMBER_REMOVE]" time="0.001" /><testcase classname="tests.concept.test_properties_concept" name="test_P4_owner_allowed_everything[MEMBER_CHANGE_ROLE]" time="0.001" /><testcase classname="tests.concept.test_properties_concept" name="test_P4_owner_allowed_everything[TASK_CREATE]" time="0.001" /><testcase classname="tests.concept.test_properties_concept" name="test_P4_owner_allowed_everything[TASK_ASSIGN_SELF]" time="0.001" /><testcase classname="tests.concept.test_properties_concept" name="test_P4_owner_allowed_everything[TASK_ASSIGN_OTHER]" time="0.001" /><testcase classname="tests.concept.test_properties_concept" name="test_P4_owner_allowed_everything[TASK_CLOSE_OWN]" time="0.001" /><testcase classname="tests.concept.test_properties_concept" name="test_P4_owner_allowed_everything[TASK_CLOSE_OTHER]" time="0.001" /><testcase classname="tests.concept.test_properties_concept" name="test_P4_owner_allowed_everything[TASK_VIEW]" time="0.001" /><testcase classname="tests.concept.test_properties_concept" name="test_P4_owner_allowed_everything[COMMENT]" time="0.001" /><testcase classname="tests.concept.test_properties_concept" name="test_P4_owner_allowed_everything[PUSH_SETTINGS_SELF]" time="0.001" /><testcase classname="tests.concept.test_properties_concept" name="test_P4_owner_allowed_everything[DATA_EXPORT]" time="0.001" /><testcase classname="tests.concept.test_properties_concept" name="test_P5_classify_urgency_is_monotonic" time="0.001" /><testcase classname="tests.concept.test_properties_concept" name="test_P6_pairwise_deterministic" time="1.624" /><testcase classname="tests.concept.test_protocol_generator" name="test_protocol_parses_junit" time="0.003" /><testcase classname="tests.concept.test_protocol_generator" name="test_protocol_classifies_and_decides" time="0.007" /><testcase classname="tests.concept.test_protocol_generator" name="test_protocol_formats_markdown" time="0.032" /><testcase classname="tests.concept.test_protocol_generator" name="test_protocol_artifacts_present_after_run" time="0.003" /><testcase classname="tests.concept.test_release_gate" name="test_J1_version_code_is_positive_integer" time="0.001" /><testcase classname="tests.concept.test_release_gate" name="test_J2_privacy_documents_present" time="0.001" /><testcase classname="tests.concept.test_release_gate" name="test_J3_license_file_present" time="0.001" /><testcase classname="tests.concept.test_release_gate" name="test_J4_playstore_doc_present" time="0.001" /><testcase classname="tests.concept.test_release_gate" name="test_J5_testing_doc_present" time="0.001" /><testcase classname="tests.concept.test_release_gate" name="test_J6_concept_modules_import" time="0.000" /><testcase classname="tests.concept.test_release_gate" name="test_J7_pairwise_matrix_has_full_coverage" time="0.809" /><testcase classname="tests.concept.test_release_gate" name="test_J8_permission_matrix_is_complete" time="0.000" /><testcase classname="tests.concept.test_release_gate" name="test_J9_member_profiles_present" time="0.000" /><testcase classname="tests.concept.test_release_gate" name="test_J10_full_module_registry_assembles" time="0.215" /><testcase classname="tests.concept.test_release_gate_extended" name="test_JS03_no_debug_features_in_release_code[assistant.py]" time="0.002" /><testcase classname="tests.concept.test_release_gate_extended" name="test_JS03_no_debug_features_in_release_code[database.py]" time="0.004" /><testcase classname="tests.concept.test_release_gate_extended" name="test_JS03_no_debug_features_in_release_code[gui.py]" time="0.008" /><testcase classname="tests.concept.test_release_gate_extended" name="test_JS03_no_debug_features_in_release_code[main.py]" time="0.002" /><testcase classname="tests.concept.test_release_gate_extended" name="test_JS03_no_debug_features_in_release_code[models.py]" time="0.001" /><testcase classname="tests.concept.test_release_gate_extended" name="test_JS03_no_debug_features_in_release_code[diagnose.py]" time="0.001" /><testcase classname="tests.concept.test_release_gate_extended" name="test_JS03_no_debug_features_in_release_code[core/interface.py]" time="0.001" /><testcase classname="tests.concept.test_release_gate_extended" name="test_JS03_no_debug_features_in_release_code[core/__init__.py]" time="0.001" /><testcase classname="tests.concept.test_release_gate_extended" name="test_JS03_no_debug_features_in_release_code[modules/calendar.py]" time="0.002" /><testcase classname="tests.concept.test_release_gate_extended" name="test_JS03_no_debug_features_in_release_code[modules/contracts.py]" time="0.002" /><testcase classname="tests.concept.test_release_gate_extended" name="test_JS03_no_debug_features_in_release_code[modules/daystructure.py]" time="0.001" /><testcase classname="tests.concept.test_release_gate_extended" name="test_JS03_no_debug_features_in_release_code[modules/family.py]" time="0.002" /><testcase classname="tests.concept.test_release_gate_extended" name="test_JS03_no_debug_features_in_release_code[modules/finance.py]" time="0.002" /><testcase classname="tests.concept.test_release_gate_extended" name="test_JS03_no_debug_features_in_release_code[modules/inbox.py]" time="0.002" /><testcase classname="tests.concept.test_release_gate_extended" name="test_JS03_no_debug_features_in_release_code[modules/notes.py]" time="0.001" /><testcase classname="tests.concept.test_release_gate_extended" name="test_JS03_no_debug_features_in_release_code[modules/search.py]" time="0.001" /><testcase classname="tests.concept.test_release_gate_extended" name="test_JS03_no_debug_features_in_release_code[modules/social.py]" time="0.002" /><testcase classname="tests.concept.test_release_gate_extended" name="test_JS03_no_debug_features_in_release_code[modules/statistics.py]" time="0.001" /><testcase classname="tests.concept.test_release_gate_extended" name="test_JS03_no_debug_features_in_release_code[modules/templates.py]" time="0.001" /><testcase classname="tests.concept.test_release_gate_extended" name="test_JS03_no_debug_features_in_release_code[modules/__init__.py]" time="0.001" /><testcase classname="tests.concept.test_release_gate_extended" name="test_JS03_no_debug_features_in_release_code[services/activation_flow.py]" time="0.001" /><testcase classname="tests.concept.test_release_gate_extended" name="test_JS03_no_debug_features_in_release_code[services/backup.py]" time="0.001" /><testcase classname="tests.concept.test_release_gate_extended" name="test_JS03_no_debug_features_in_release_code[services/config.py]" time="0.001" /><testcase classname="tests.concept.test_release_gate_extended" name="test_JS03_no_debug_features_in_release_code[services/escaping.py]" time="0.001" /><testcase classname="tests.concept.test_release_gate_extended" name="test_JS03_no_debug_features_in_release_code[services/export.py]" time="0.001" /><testcase classname="tests.concept.test_release_gate_extended" name="test_JS03_no_debug_features_in_release_code[services/gemini.py]" time="0.001" /><testcase classname="tests.concept.test_release_gate_extended" name="test_JS03_no_debug_features_in_release_code[services/i18n.py]" time="0.001" /><testcase classname="tests.concept.test_release_gate_extended" name="test_JS03_no_debug_features_in_release_code[services/ical.py]" time="0.001" /><testcase classname="tests.concept.test_release_gate_extended" name="test_JS03_no_debug_features_in_release_code[services/import_csv.py]" time="0.001" /><testcase classname="tests.concept.test_release_gate_extended" name="test_JS03_no_debug_features_in_release_code[services/io_validation.py]" time="0.001" /><testcase classname="tests.concept.test_release_gate_extended" name="test_JS03_no_debug_features_in_release_code[services/license_events.py]" time="0.001" /><testcase classname="tests.concept.test_release_gate_extended" name="test_JS03_no_debug_features_in_release_code[services/license_gate.py]" time="0.001" /><testcase classname="tests.concept.test_release_gate_extended" name="test_JS03_no_debug_features_in_release_code[services/license_token.py]" time="0.001" /><testcase classname="tests.concept.test_release_gate_extended" name="test_JS03_no_debug_features_in_release_code[services/license_ui.py]" time="0.001" /><testcase classname="tests.concept.test_release_gate_extended" name="test_JS03_no_debug_features_in_release_code[services/licensing.py]" time="0.002" /><testcase classname="tests.concept.test_release_gate_extended" name="test_JS03_no_debug_features_in_release_code[services/llm.py]" time="0.001" /><testcase classname="tests.concept.test_release_gate_extended" name="test_JS03_no_debug_features_in_release_code[services/logging_setup.py]" time="0.001" /><testcase classname="tests.concept.test_release_gate_extended" name="test_JS03_no_debug_features_in_release_code[services/notifier.py]" time="0.001" /><testcase classname="tests.concept.test_release_gate_extended" name="test_JS03_no_debug_features_in_release_code[services/ocr.py]" time="0.001" /><testcase classname="tests.concept.test_release_gate_extended" name="test_JS03_no_debug_features_in_release_code[services/open_file.py]" time="0.001" /><testcase classname="tests.concept.test_release_gate_extended" name="test_JS03_no_debug_features_in_release_code[services/output.py]" time="0.001" /><testcase classname="tests.concept.test_release_gate_extended" name="test_JS03_no_debug_features_in_release_code[services/payment.py]" time="0.001" /><testcase classname="tests.concept.test_release_gate_extended" name="test_JS03_no_debug_features_in_release_code[services/payment_adapter_lemon.py]" time="0.001" /><testcase classname="tests.concept.test_release_gate_extended" name="test_JS03_no_debug_features_in_release_code[services/payment_adapter_paddle.py]" time="0.001" /><testcase classname="tests.concept.test_release_gate_extended" name="test_JS03_no_debug_features_in_release_code[services/payment_issuer.py]" time="0.001" /><testcase classname="tests.concept.test_release_gate_extended" name="test_JS03_no_debug_features_in_release_code[services/payment_server.py]" time="0.001" /><testcase classname="tests.concept.test_release_gate_extended" name="test_JS03_no_debug_features_in_release_code[services/profile.py]" time="0.001" /><testcase classname="tests.concept.test_release_gate_extended" name="test_JS03_no_debug_features_in_release_code[services/reports.py]" time="0.001" /><testcase classname="tests.concept.test_release_gate_extended" name="test_JS03_no_debug_features_in_release_code[services/scheduler.py]" time="0.001" /><testcase classname="tests.concept.test_release_gate_extended" name="test_JS03_no_debug_features_in_release_code[services/sync.py]" time="0.002" /><testcase classname="tests.concept.test_release_gate_extended" name="test_JS03_no_debug_features_in_release_code[services/sync_server.py]" time="0.001" /><testcase classname="tests.concept.test_release_gate_extended" name="test_JS03_no_debug_features_in_release_code[services/vcard.py]" time="0.001" /><testcase classname="tests.concept.test_release_gate_extended" name="test_JS03_no_debug_features_in_release_code[services/__init__.py]" time="0.001" /><testcase classname="tests.concept.test_release_gate_extended" name="test_JS03_no_debug_features_in_release_code[services/pairing/identity.py]" time="0.001" /><testcase classname="tests.concept.test_release_gate_extended" name="test_JS03_no_debug_features_in_release_code[services/pairing/kdf.py]" time="0.001" /><testcase classname="tests.concept.test_release_gate_extended" name="test_JS03_no_debug_features_in_release_code[services/pairing/secure_store.py]" time="0.001" /><testcase classname="tests.concept.test_release_gate_extended" name="test_JS03_no_debug_features_in_release_code[services/pairing/session.py]" time="0.002" /><testcase classname="tests.concept.test_release_gate_extended" name="test_JS03_no_debug_features_in_release_code[services/pairing/transcript.py]" time="0.001" /><testcase classname="tests.concept.test_release_gate_extended" name="test_JS03_no_debug_features_in_release_code[services/pairing/__init__.py]" time="0.001" /><testcase classname="tests.concept.test_release_gate_extended" name="test_JS03_no_debug_features_in_release_code[mobile/app.py]" time="0.001" /><testcase classname="tests.concept.test_release_gate_extended" name="test_JS03_no_debug_features_in_release_code[mobile/helpers.py]" time="0.001" /><testcase classname="tests.concept.test_release_gate_extended" name="test_JS03_no_debug_features_in_release_code[mobile/__init__.py]" time="0.001" /><testcase classname="tests.concept.test_release_gate_extended" name="test_JS03_no_debug_features_in_release_code[mobile/screens/calendar.py]" time="0.001" /><testcase classname="tests.concept.test_release_gate_extended" name="test_JS03_no_debug_features_in_release_code[mobile/screens/contracts.py]" time="0.001" /><testcase classname="tests.concept.test_release_gate_extended" name="test_JS03_no_debug_features_in_release_code[mobile/screens/dashboard.py]" time="0.001" /><testcase classname="tests.concept.test_release_gate_extended" name="test_JS03_no_debug_features_in_release_code[mobile/screens/finance.py]" time="0.001" /><testcase classname="tests.concept.test_release_gate_extended" name="test_JS03_no_debug_features_in_release_code[mobile/screens/more.py]" time="0.001" /><testcase classname="tests.concept.test_release_gate_extended" name="test_JS03_no_debug_features_in_release_code[mobile/screens/__init__.py]" time="0.001" /><testcase classname="tests.concept.test_release_gate_extended" name="test_JS04_no_clear_text_attribute_default" time="0.001" /><testcase classname="tests.concept.test_release_gate_extended" name="test_JP01_privacy_policy_linked_in_playstore_doc" time="0.001" /><testcase classname="tests.concept.test_release_gate_extended" name="test_JT04_no_blocker_todo[assistant.py]" time="0.001" /><testcase classname="tests.concept.test_release_gate_extended" name="test_JT04_no_blocker_todo[database.py]" time="0.001" /><testcase classname="tests.concept.test_release_gate_extended" name="test_JT04_no_blocker_todo[gui.py]" time="0.002" /><testcase classname="tests.concept.test_release_gate_extended" name="test_JT04_no_blocker_todo[main.py]" time="0.001" /><testcase classname="tests.concept.test_release_gate_extended" name="test_JT04_no_blocker_todo[models.py]" time="0.001" /><testcase classname="tests.concept.test_release_gate_extended" name="test_JT04_no_blocker_todo[diagnose.py]" time="0.001" /><testcase classname="tests.concept.test_release_gate_extended" name="test_JT04_no_blocker_todo[core/interface.py]" time="0.001" /><testcase classname="tests.concept.test_release_gate_extended" name="test_JT04_no_blocker_todo[core/__init__.py]" time="0.001" /><testcase classname="tests.concept.test_release_gate_extended" name="test_JT04_no_blocker_todo[modules/calendar.py]" time="0.001" /><testcase classname="tests.concept.test_release_gate_extended" name="test_JT04_no_blocker_todo[modules/contracts.py]" time="0.001" /><testcase classname="tests.concept.test_release_gate_extended" name="test_JT04_no_blocker_todo[modules/daystructure.py]" time="0.001" /><testcase classname="tests.concept.test_release_gate_extended" name="test_JT04_no_blocker_todo[modules/family.py]" time="0.001" /><testcase classname="tests.concept.test_release_gate_extended" name="test_JT04_no_blocker_todo[modules/finance.py]" time="0.001" /><testcase classname="tests.concept.test_release_gate_extended" name="test_JT04_no_blocker_todo[modules/inbox.py]" time="0.001" /><testcase classname="tests.concept.test_release_gate_extended" name="test_JT04_no_blocker_todo[modules/notes.py]" time="0.001" /><testcase classname="tests.concept.test_release_gate_extended" name="test_JT04_no_blocker_todo[modules/search.py]" time="0.001" /><testcase classname="tests.concept.test_release_gate_extended" name="test_JT04_no_blocker_todo[modules/social.py]" time="0.001" /><testcase classname="tests.concept.test_release_gate_extended" name="test_JT04_no_blocker_todo[modules/statistics.py]" time="0.001" /><testcase classname="tests.concept.test_release_gate_extended" name="test_JT04_no_blocker_todo[modules/templates.py]" time="0.001" /><testcase classname="tests.concept.test_release_gate_extended" name="test_JT04_no_blocker_todo[modules/__init__.py]" time="0.001" /><testcase classname="tests.concept.test_release_gate_extended" name="test_JT04_no_blocker_todo[services/activation_flow.py]" time="0.001" /><testcase classname="tests.concept.test_release_gate_extended" name="test_JT04_no_blocker_todo[services/backup.py]" time="0.001" /><testcase classname="tests.concept.test_release_gate_extended" name="test_JT04_no_blocker_todo[services/config.py]" time="0.001" /><testcase classname="tests.concept.test_release_gate_extended" name="test_JT04_no_blocker_todo[services/escaping.py]" time="0.001" /><testcase classname="tests.concept.test_release_gate_extended" name="test_JT04_no_blocker_todo[services/export.py]" time="0.001" /><testcase classname="tests.concept.test_release_gate_extended" name="test_JT04_no_blocker_todo[services/gemini.py]" time="0.001" /><testcase classname="tests.concept.test_release_gate_extended" name="test_JT04_no_blocker_todo[services/i18n.py]" time="0.001" /><testcase classname="tests.concept.test_release_gate_extended" name="test_JT04_no_blocker_todo[services/ical.py]" time="0.001" /><testcase classname="tests.concept.test_release_gate_extended" name="test_JT04_no_blocker_todo[services/import_csv.py]" time="0.001" /><testcase classname="tests.concept.test_release_gate_extended" name="test_JT04_no_blocker_todo[services/io_validation.py]" time="0.001" /><testcase classname="tests.concept.test_release_gate_extended" name="test_JT04_no_blocker_todo[services/license_events.py]" time="0.001" /><testcase classname="tests.concept.test_release_gate_extended" name="test_JT04_no_blocker_todo[services/license_gate.py]" time="0.001" /><testcase classname="tests.concept.test_release_gate_extended" name="test_JT04_no_blocker_todo[services/license_token.py]" time="0.001" /><testcase classname="tests.concept.test_release_gate_extended" name="test_JT04_no_blocker_todo[services/license_ui.py]" time="0.001" /><testcase classname="tests.concept.test_release_gate_extended" name="test_JT04_no_blocker_todo[services/licensing.py]" time="0.001" /><testcase classname="tests.concept.test_release_gate_extended" name="test_JT04_no_blocker_todo[services/llm.py]" time="0.001" /><testcase classname="tests.concept.test_release_gate_extended" name="test_JT04_no_blocker_todo[services/logging_setup.py]" time="0.001" /><testcase classname="tests.concept.test_release_gate_extended" name="test_JT04_no_blocker_todo[services/notifier.py]" time="0.001" /><testcase classname="tests.concept.test_release_gate_extended" name="test_JT04_no_blocker_todo[services/ocr.py]" time="0.001" /><testcase classname="tests.concept.test_release_gate_extended" name="test_JT04_no_blocker_todo[services/open_file.py]" time="0.001" /><testcase classname="tests.concept.test_release_gate_extended" name="test_JT04_no_blocker_todo[services/output.py]" time="0.001" /><testcase classname="tests.concept.test_release_gate_extended" name="test_JT04_no_blocker_todo[services/payment.py]" time="0.001" /><testcase classname="tests.concept.test_release_gate_extended" name="test_JT04_no_blocker_todo[services/payment_adapter_lemon.py]" time="0.001" /><testcase classname="tests.concept.test_release_gate_extended" name="test_JT04_no_blocker_todo[services/payment_adapter_paddle.py]" time="0.001" /><testcase classname="tests.concept.test_release_gate_extended" name="test_JT04_no_blocker_todo[services/payment_issuer.py]" time="0.001" /><testcase classname="tests.concept.test_release_gate_extended" name="test_JT04_no_blocker_todo[services/payment_server.py]" time="0.001" /><testcase classname="tests.concept.test_release_gate_extended" name="test_JT04_no_blocker_todo[services/profile.py]" time="0.001" /><testcase classname="tests.concept.test_release_gate_extended" name="test_JT04_no_blocker_todo[services/reports.py]" time="0.001" /><testcase classname="tests.concept.test_release_gate_extended" name="test_JT04_no_blocker_todo[services/scheduler.py]" time="0.001" /><testcase classname="tests.concept.test_release_gate_extended" name="test_JT04_no_blocker_todo[services/sync.py]" time="0.001" /><testcase classname="tests.concept.test_release_gate_extended" name="test_JT04_no_blocker_todo[services/sync_server.py]" time="0.001" /><testcase classname="tests.concept.test_release_gate_extended" name="test_JT04_no_blocker_todo[services/vcard.py]" time="0.001" /><testcase classname="tests.concept.test_release_gate_extended" name="test_JT04_no_blocker_todo[services/__init__.py]" time="0.001" /><testcase classname="tests.concept.test_release_gate_extended" name="test_JT04_no_blocker_todo[services/pairing/identity.py]" time="0.001" /><testcase classname="tests.concept.test_release_gate_extended" name="test_JT04_no_blocker_todo[services/pairing/kdf.py]" time="0.001" /><testcase classname="tests.concept.test_release_gate_extended" name="test_JT04_no_blocker_todo[services/pairing/secure_store.py]" time="0.001" /><testcase classname="tests.concept.test_release_gate_extended" name="test_JT04_no_blocker_todo[services/pairing/session.py]" time="0.001" /><testcase classname="tests.concept.test_release_gate_extended" name="test_JT04_no_blocker_todo[services/pairing/transcript.py]" time="0.001" /><testcase classname="tests.concept.test_release_gate_extended" name="test_JT04_no_blocker_todo[services/pairing/__init__.py]" time="0.001" /><testcase classname="tests.concept.test_release_gate_extended" name="test_JT04_no_blocker_todo[mobile/app.py]" time="0.001" /><testcase classname="tests.concept.test_release_gate_extended" name="test_JT04_no_blocker_todo[mobile/helpers.py]" time="0.001" /><testcase classname="tests.concept.test_release_gate_extended" name="test_JT04_no_blocker_todo[mobile/__init__.py]" time="0.001" /><testcase classname="tests.concept.test_release_gate_extended" name="test_JT04_no_blocker_todo[mobile/screens/calendar.py]" time="0.001" /><testcase classname="tests.concept.test_release_gate_extended" name="test_JT04_no_blocker_todo[mobile/screens/contracts.py]" time="0.001" /><testcase classname="tests.concept.test_release_gate_extended" name="test_JT04_no_blocker_todo[mobile/screens/dashboard.py]" time="0.001" /><testcase classname="tests.concept.test_release_gate_extended" name="test_JT04_no_blocker_todo[mobile/screens/finance.py]" time="0.001" /><testcase classname="tests.concept.test_release_gate_extended" name="test_JT04_no_blocker_todo[mobile/screens/more.py]" time="0.001" /><testcase classname="tests.concept.test_release_gate_extended" name="test_JT04_no_blocker_todo[mobile/screens/__init__.py]" time="0.001" /><testcase classname="tests.concept.test_release_gate_extended" name="test_JQ01_concept_markers_registered" time="0.001" /><testcase classname="tests.concept.test_release_gate_extended" name="test_JG04_playstore_doc_covers_section[Voraussetzungen]" time="0.001" /><testcase classname="tests.concept.test_release_gate_extended" name="test_JG04_playstore_doc_covers_section[Datenschutz]" time="0.001" /><testcase classname="tests.concept.test_release_gate_extended" name="test_JG04_playstore_doc_covers_section[Closed]" time="0.001" /><testcase classname="tests.concept.test_release_gate_extended" name="test_JG04_playstore_doc_covers_section[Produktionsfreigabe]" time="0.001" /><testcase classname="tests.concept.test_release_gate_extended" name="test_concept_directory_contains_full_suite" time="0.001" /><testcase classname="tests.concept.test_release_gate_extended" name="test_testing_doc_contains_part_II" time="0.001" /><testcase classname="tests.concept.test_release_gate_extended" name="test_ui_concept_doc_present_and_complete" time="0.001" /><testcase classname="tests.concept.test_release_gate_extended" name="test_dashboard_generator_module_present" time="0.001" /><testcase classname=
[...]
lassname="tests.test_smoke.TestSqlCipherValidation" name="test_too_short_rejected" time="0.002" /><testcase classname="tests.test_smoke.TestCompleteTaskCatchUp" name="test_overdue_task_advances_rotation_multiple_times" time="0.232" /><testcase classname="tests.test_smoke.TestPrintFileNoShell" name="test_missing_file_returns_error" time="0.001" /><testcase classname="tests.test_smoke.TestPrintFileNoShell" name="test_path_with_spaces_handled" time="0.001" /><testcase classname="tests.test_smoke.TestLlmJsonParsing" name="test_fenced_json" time="0.001" /><testcase classname="tests.test_smoke.TestLlmJsonParsing" name="test_fenced_without_lang" time="0.001" /><testcase classname="tests.test_smoke.TestLlmJsonParsing" name="test_invalid_returns_empty" time="0.001" /><testcase classname="tests.test_smoke.TestLlmJsonParsing" name="test_plain_json" time="0.001" /><testcase classname="tests.test_smoke.TestLlmJsonParsing" name="test_prose_with_embedded_json" time="0.001" /><testcase classname="tests.test_smoke.TestDeleteCapabilities" name="test_delete_caps_are_destructive" time="0.199" /><testcase classname="tests.test_smoke.TestDeleteCapabilities" name="test_delete_contract_round_trip" time="0.215" /><testcase classname="tests.test_smoke.TestDeleteCapabilities" name="test_delete_member_keeps_orphan_contracts" time="0.209" /><testcase classname="tests.test_smoke.TestDeleteCapabilities" name="test_delete_unknown_returns_error" time="0.221" /><testcase classname="tests.test_smoke.TestInputValidation" name="test_calendar_unknown_category_normalizes" time="0.209" /><testcase classname="tests.test_smoke.TestInputValidation" name="test_family_task_rejects_zero_interval" time="0.176" /><testcase classname="tests.test_smoke.TestInputValidation" name="test_finance_rejects_bad_date" time="0.179" /><testcase classname="tests.test_smoke.TestInputValidation" name="test_finance_rejects_negative_amount" time="0.181" /><testcase classname="tests.test_smoke.TestInputValidation" name="test_social_rejects_empty_name" time="0.189" /><testcase classname="tests.test_smoke.TestInputValidation" name="test_social_rejects_non_positive_cadence" time="0.196" /><testcase classname="tests.test_smoke.TestLlmProposalValidation" name="test_missing_required_dropped" time="0.197" /><testcase classname="tests.test_smoke.TestLlmProposalValidation" name="test_unknown_target_capability_dropped" time="0.195" /><testcase classname="tests.test_smoke.TestDisabledModuleSurfaced" name="test_disabled_contracts_yields_warning_in_finance_events" time="0.202" /><testcase classname="tests.test_smoke.TestDiagnose" name="test_collect_returns_expected_shape" time="1.065" /><testcase classname="tests.test_smoke.TestBackupAndRestore" name="test_list_backups_sorted_newest_first" time="0.340" /><testcase classname="tests.test_smoke.TestBackupAndRestore" name="test_online_backup_creates_readable_copy" time="0.228" /><testcase classname="tests.test_smoke.TestBackupAndRestore" name="test_restore_overwrites_live_db" time="0.171" /><testcase classname="tests.test_smoke.TestCsvExport" name="test_export_all_writes_five_files" time="0.179" /><testcase classname="tests.test_smoke.TestCsvExport" name="test_export_contracts_writes_csv" time="0.182" /><testcase classname="tests.test_smoke.TestSearch" name="test_no_hit" time="0.179" /><testcase classname="tests.test_smoke.TestSearch" name="test_search_finds_multiple_sources" time="0.190" /><testcase classname="tests.test_smoke.TestSearch" name="test_short_query_rejected" time="0.215" /><testcase classname="tests.test_smoke.TestProposalUpdate" name="test_update_blocked_after_accept" time="0.221" /><testcase classname="tests.test_smoke.TestProposalUpdate" name="test_update_payload_replaces_value" time="0.235" /><testcase classname="tests.test_smoke.TestProposalUpdate" name="test_update_then_accept_uses_new_payload" time="0.234" /><testcase classname="tests.test_smoke.TestRegistryGetCapability" name="test_returns_capability_object" time="0.186" /><testcase classname="tests.test_smoke.TestRegistryGetCapability" name="test_returns_none_for_disabled_module" time="0.196" /><testcase classname="tests.test_smoke.TestRegistryGetCapability" name="test_returns_none_for_unknown" time="0.185" /><testcase classname="tests.test_smoke.TestI18n" name="test_default_german" time="0.001" /><testcase classname="tests.test_smoke.TestI18n" name="test_en_missing_key_falls_back_to_de" time="0.001" /><testcase classname="tests.test_smoke.TestI18n" name="test_english_translation" time="0.001" /><testcase classname="tests.test_smoke.TestI18n" name="test_missing_key_returns_key" time="0.001" /><testcase classname="tests.test_smoke.TestI18n" name="test_missing_key_with_default" time="0.001" /><testcase classname="tests.test_smoke.TestI18n" name="test_unknown_language_falls_back_to_default" time="0.001" /><testcase classname="tests.test_smoke.TestBackupSqlCipherPath" name="test_sqlcipher_path_rejects_short_key" time="0.001" /><testcase classname="tests.test_smoke.TestBackupSqlCipherPath" name="test_sqlcipher_path_requires_key" time="0.001" /><testcase classname="tests.test_smoke.TestSyncServerTls" name="test_serve_with_bad_cert_path_raises" time="0.007" /><testcase classname="tests.test_smoke.TestCsvImportRoundTrip" name="test_export_then_import_reproduces_data" time="0.522" /><testcase classname="tests.test_smoke.TestCsvImportRoundTrip" name="test_invalid_dates_dont_crash" time="0.254" /><testcase classname="tests.test_smoke.TestCsvImportRoundTrip" name="test_missing_csv_files_are_skipped" time="0.239" /><testcase classname="tests.test_smoke.TestStatistics" name="test_contracts_overview_top_3" time="0.247" /><testcase classname="tests.test_smoke.TestStatistics" name="test_expenses_per_category_aggregates" time="0.239" /><testcase classname="tests.test_smoke.TestStatistics" name="test_expenses_per_month_returns_buckets" time="0.220" /><testcase classname="tests.test_smoke.TestStatistics" name="test_rejects_zero_months" time="0.211" /><testcase classname="tests.test_smoke.TestStatistics" name="test_yearly_summary" time="0.230" /><testcase classname="tests.test_smoke.TestUtcTimestampsInDb" name="test_assistant_log_uses_utc" time="0.172" /><testcase classname="tests.test_smoke.TestUtcTimestampsInDb" name="test_contract_created_at_uses_utc" time="0.198" /><testcase classname="tests.test_smoke.TestProfile" name="test_db_path_default" time="0.001" /><testcase classname="tests.test_smoke.TestProfile" name="test_db_path_with_profile" time="0.001" /><testcase classname="tests.test_smoke.TestProfile" name="test_explicit_overrides_env" time="0.001" /><testcase classname="tests.test_smoke.TestProfile" name="test_resolve_profile_uses_env" time="0.001" /><testcase classname="tests.test_smoke.TestProfile" name="test_sanitize_profile" time="0.001" /><testcase classname="tests.test_smoke.TestProfile" name="test_state_dir_default_and_profile" time="0.001" /><testcase classname="tests.test_smoke.TestProfile" name="test_two_profiles_use_separate_files" time="0.406" /><testcase classname="tests.test_smoke.TestAutoBackup" name="test_prune_old_backups_keeps_newest" time="0.278" /><testcase classname="tests.test_smoke.TestAutoBackup" name="test_run_once_creates_backup_and_prunes" time="0.308" /><testcase classname="tests.test_smoke.TestIcalExport" name="test_export_creates_valid_ical" time="0.190" /><testcase classname="tests.test_smoke.TestVCardExport" name="test_export_creates_valid_vcard" time="0.165" /><testcase classname="tests.test_smoke.TestYearlyPdfReport" name="test_pdf_report_produced" time="0.215" /><testcase classname="tests.test_smoke.TestNotesModule" name="test_add_list_update_attach_delete" time="0.214" /><testcase classname="tests.test_smoke.TestNotesModule" name="test_empty_title_rejected" time="0.179" /><testcase classname="tests.test_smoke.TestNotesModule" name="test_invalid_entity_type_rejected" time="0.203" /><testcase classname="tests.test_smoke.TestNotesModule" name="test_search_finds_notes" time="0.210" /><testcase classname="tests.test_smoke.TestIcalImportRoundTrip" name="test_import_missing_file_returns_error" time="0.202" /><testcase classname="tests.test_smoke.TestIcalImportRoundTrip" name="test_roundtrip" time="0.398" /><testcase classname="tests.test_smoke.TestVCardImportRoundTrip" name="test_roundtrip_preserves_rhythmus" time="0.377" /><testcase classname="tests.test_smoke.TestLamportCrdt" name="test_clock_ticks_monotonically" time="0.001" /><testcase classname="tests.test_smoke.TestLamportCrdt" name="test_events_get_lamport_counter" time="0.202" /><testcase classname="tests.test_smoke.TestLamportCrdt" name="test_replay_order_uses_lamport" time="0.003" /><testcase classname="tests.test_smoke.TestBulkOperations" name="test_bulk_complete_overdue_tasks" time="0.230" /><testcase classname="tests.test_smoke.TestBulkOperations" name="test_bulk_delete_archived" time="0.220" /><testcase classname="tests.test_smoke.TestBulkOperations" name="test_bulk_reject_open_proposals" time="0.248" /><testcase classname="tests.test_smoke.TestReviewFixes" name="test_assistant_ask_lock_serializes" time="0.202" /><testcase classname="tests.test_smoke.TestReviewFixes" name="test_bulk_complete_overdue_dispatches_individual_tasks" time="0.236" /><testcase classname="tests.test_smoke.TestReviewFixes" name="test_bulk_delete_archived_uses_repository_method" time="0.218" /><testcase classname="tests.test_smoke.TestReviewFixes" name="test_deleting_contract_cleans_attached_notes" time="0.204" /><testcase classname="tests.test_smoke.TestReviewFixes" name="test_geometry_validation" time="0.161" /><testcase classname="tests.test_smoke.TestReviewFixes" name="test_http_provider_has_read_all" time="4.280" /><testcase classname="tests.test_smoke.TestReviewFixes" name="test_ical_export_folds_at_byte_boundary" time="0.222" /><testcase classname="tests.test_smoke.TestReviewFixes" name="test_ical_import_rejects_nonexistent" time="0.205" /><testcase classname="tests.test_smoke.TestReviewFixes" name="test_ical_import_rejects_path_outside_or_bad_extension" time="0.198" /><testcase classname="tests.test_smoke.TestReviewFixes" name="test_ical_import_validates_recurrence" time="0.204" /><testcase classname="tests.test_smoke.TestReviewFixes" name="test_initial_lamport_ignores_other_devices" time="0.210" /><testcase classname="tests.test_smoke.TestReviewFixes" name="test_internal_capabilities_hidden_from_llm" time="0.185" /><testcase classname="tests.test_smoke.TestReviewFixes" name="test_notes_entity_id_zero_preserved" time="0.177" /><testcase classname="tests.test_smoke.TestReviewFixes" name="test_rrule_uses_yearly_for_365" time="0.186" /><testcase classname="tests.test_smoke.TestReviewFixes" name="test_sync_event_args_deep_copy" time="0.199" /><testcase classname="tests.test_smoke.TestReviewFixes" name="test_unescape_preserves_real_null_bytes" time="0.193" /><testcase classname="tests.test_smoke.TestReviewFixes" name="test_vcard_import_clamps_cadence" time="0.191" /><testcase classname="tests.test_smoke.TestReviewFixes" name="test_vcard_import_rejects_too_large" time="0.225" /><testcase classname="tests.test_smoke.TestProposalsFlow" name="test_price_change_round_trip" time="0.223" /><testcase classname="tests.test_smoke.TestLicensing" name="test_action_apply_token_rejects_empty" time="0.176" /><testcase classname="tests.test_smoke.TestLicensing" name="test_action_apply_token_rejects_garbage" time="0.207" /><testcase classname="tests.test_smoke.TestLicensing" name="test_action_apply_token_round_trip" time="0.231" /><testcase classname="tests.test_smoke.TestLicensing" name="test_action_start_trial_success_then_blocked" time="0.198" /><testcase classname="tests.test_smoke.TestLicensing" name="test_activate_pro_sets_year_for_annual" time="0.218" /><testcase classname="tests.test_smoke.TestLicensing" name="test_activation_rejects_free_tier" time="0.199" /><testcase classname="tests.test_smoke.TestLicensing" name="test_activation_requires_withdrawal_waiver" time="0.209" /><testcase classname="tests.test_smoke.TestLicensing" name="test_affiliate_block_empty_when_no_partners" time="0.001" /><testcase classname="tests.test_smoke.TestLicensing" name="test_affiliate_block_format" time="0.001" /><testcase classname="tests.test_smoke.TestLicensing" name="test_affiliate_block_in_letter_text_is_static" time="0.202" /><testcase classname="tests.test_smoke.TestLicensing" name="test_all_quotes_returns_pricing_tiers" time="0.001" /><testcase classname="tests.test_smoke.TestLicensing" name="test_annual_applies_20_percent_discount" time="0.001" /><testcase classname="tests.test_smoke.TestLicensing" name="test_annual_savings_vs_monthly" time="0.001" /><testcase classname="tests.test_smoke.TestLicensing" name="test_annual_total_matches_readme_base_tier" time="0.001" /><testcase classname="tests.test_smoke.TestLicensing" name="test_apply_token_persists_token_string" time="0.248" /><testcase classname="tests.test_smoke.TestLicensing" name="test_build_pricing_rows_marks_recommended" time="0.001" /><testcase classname="tests.test_smoke.TestLicensing" name="test_build_pricing_rows_skips_family_above_cap" time="0.001" /><testcase classname="tests.test_smoke.TestLicensing" name="test_cancellation_includes_affiliate_suggestions" time="0.230" /><testcase classname="tests.test_smoke.TestLicensing" name="test_chf_conversion_applies_swiss_vat" time="0.001" /><testcase classname="tests.test_smoke.TestLicensing" name="test_family_tier_flat_price" time="0.001" /><testcase classname="tests.test_smoke.TestLicensing" name="test_family_tier_rejects_too_many_persons" time="0.001" /><testcase classname="tests.test_smoke.TestLicensing" name="test_format_quote_de_mentions_savings" time="0.001" /><testcase classname="tests.test_smoke.TestLicensing" name="test_free_license_restricts_modules" time="0.001" /><testcase classname="tests.test_smoke.TestLicensing" name="test_free_tier_is_zero" time="0.001" /><testcase classname="tests.test_smoke.TestLicensing" name="test_gate_allows_everything_for_pro" time="0.001" /><testcase classname="tests.test_smoke.TestLicensing" name="test_gate_blocks_ai_capability_for_free" time="0.001" /><testcase classname="tests.test_smoke.TestLicensing" name="test_gate_blocks_pro_module_for_free" time="0.001" /><testcase classname="tests.test_smoke.TestLicensing" name="test_gate_open_modules_always_accessible" time="0.001" /><testcase classname="tests.test_smoke.TestLicensing" name="test_grandfathered_keeps_read_but_blocks_write" time="0.218" /><testcase classname="tests.test_smoke.TestLicensing" name="test_grandfathering_migration_runs_once" time="0.213" /><testcase classname="tests.test_smoke.TestLicensing" name="test_grandfathering_skipped_for_empty_db" time="0.192" /><testcase classname="tests.test_smoke.TestLicensing" name="test_invalid_persons_rejected" time="0.001" /><testcase classname="tests.test_smoke.TestLicensing" name="test_issuer_signs_token_and_sends_mail" time="0.009" /><testcase classname="tests.test_smoke.TestLicensing" name="test_issuer_skips_cancellations" time="0.001" /><testcase classname="tests.test_smoke.TestLicensing" name="test_lemon_signature_and_parse" time="0.001" /><testcase classname="tests.test_smoke.TestLicensing" name="test_lemon_uninteresting_event_returns_none" time="0.001" /><testcase classname="tests.test_smoke.TestLicensing" name="test_license_round_trip" time="0.292" /><testcase classname="tests.test_smoke.TestLicensing" name="test_load_license_defaults_to_free" time="0.180" /><testcase classname="tests.test_smoke.TestLicensing" name="test_load_license_drops_tampered_token" time="0.202" /><testcase classname="tests.test_smoke.TestLicensing" name="test_load_license_handles_corrupt_values" time="0.207" /><testcase classname="tests.test_smoke.TestLicensing" name="test_load_license_keeps_expired_token_for_grace" time="0.194" /><testcase classname="tests.test_smoke.TestLicensing" name="test_mobile_pricing_has_markup" time="0.001" /><testcase classname="tests.test_smoke.TestLicensing" name="test_monthly_base_two_persons" time="0.001" /><testcase classname="tests.test_smoke.TestLicensing" name="test_monthly_charges_extra_persons" time="0.001" /><testcase classname="tests.test_smoke.TestLicensing" name="test_paddle_parse_event" time="0.001" /><testcase classname="tests.test_smoke.TestLicensing" name="test_paddle_signature_round_trip" time="0.001" /><testcase classname="tests.test_smoke.TestLicensing" name="test_paddle_unknown_price_rejected" time="0.001" /><testcase classname="tests.test_smoke.TestLicensing" name="test_pricing_onboarded_flag_persists" time="0.200" /><testcase classname="tests.test_smoke.TestLicensing" name="test_pro_downgrades_after_grace_period" time="0.209" /><testcase classname="tests.test_smoke.TestLicensing" name="test_pro_license_unlocks_everything" time="0.001" /><testcase classname="tests.test_smoke.TestLicensing" name="test_recommended_tier_picks_family_above_break_even" time="0.001" /><testcase classname="tests.test_smoke.TestLicensing" name="test_registry_pre_dispatch_hook_blocks_calls" time="0.001" /><testcase classname="tests.test_smoke.TestLicensing" name="test_renewal_event_for_pro_near_expiry" time="0.001" /><testcase classname="tests.test_smoke.TestLicensing" name="test_renewal_event_for_trial_near_end" time="0.001" /><testcase classname="tests.test_smoke.TestLicensing" name="test_renewal_event_in_grace_period" time="0.001" /><testcase classname="tests.test_smoke.TestLicensing" name="test_renewal_event_outside_warning_window" time="0.001" /><testcase classname="tests.test_smoke.TestLicensing" name="test_renewal_no_event_for_free" time="0.001" /><testcase classname="tests.test_smoke.TestLicensing" name="test_revocation_supersedes_grace_period" time="0.001" /><testcase classname="tests.test_smoke.TestLicensing" name="test_revoked_token_is_rejected" time="0.001" /><testcase classname="tests.test_smoke.TestLicensing" name="test_scheduler_picks_up_extra_event_sources" time="0.001" /><testcase classname="tests.test_smoke.TestLicensing" name="test_sidebar_indicator_strings" time="0.001" /><testcase classname="tests.test_smoke.TestLicensing" name="test_sign_token_auto_assigns_token_id" time="0.001" /><testcase classname="tests.test_smoke.TestLicensing" name="test_single_person_pays_base_price" time="0.001" /><testcase classname="tests.test_smoke.TestLicensing" name="test_subscription_info_for_free_has_no_subscription" time="0.001" /><testcase classname="tests.test_smoke.TestLicensing" name="test_subscription_info_for_pro_shows_dates" time="0.001" /><testcase classname="tests.test_smoke.TestLicensing" name="test_subscription_info_marks_grace_period" time="0.001" /><testcase classname="tests.test_smoke.TestLicensing" name="test_tier_status_for_free" time="0.001" /><testcase classname="tests.test_smoke.TestLicensing" name="test_tier_status_for_trial_shows_days_left" time="0.001" /><testcase classname="tests.test_smoke.TestLicensing" name="test_tier_status_in_grace_period" time="0.001" /><testcase classname="tests.test_smoke.TestLicensing" name="test_token_expired_raises_subclass_with_payload" time="0.001" /><testcase classname="tests.test_smoke.TestLicensing" name="test_token_rejects_expired" time="0.001" /><testcase classname="tests.test_smoke.TestLicensing" name="test_token_rejects_tampered_payload" time="0.001" /><testcase classname="tests.test_smoke.TestLicensing" name="test_token_sign_verify_round_trip" time="0.001" /><testcase classname="tests.test_smoke.TestLicensing" name="test_token_without_configured_pubkey_rejected" time="0.001" /><testcase classname="tests.test_smoke.TestLicensing" name="test_trial_is_not_reusable" time="0.163" /><testcase classname="tests.test_smoke.TestLicensing" name="test_trial_starts_and_expires" time="0.158" /><testcase classname="tests.test_smoke.TestLicensing" name="test_webhook_server_end_to_end" time="0.513" /><testcase classname="tests.test_smoke.TestLicensing" name="test_webhook_server_rejects_bad_signature" time="0.517" /></testsuite></testsuites>