<?xml version="1.0" encoding="utf-8"?><testsuites name="pytest tests"><testsuite name="pytest" errors="0" failures="0" skipped="3" tests="481" time="140.816" timestamp="2026-05-20T16:28:07.597182+02:00" hostname="Toto241"><testcase classname="tests.concept.test_members_scenarios" name="test_M_can_seed_profile[M-01]" time="0.507" /><testcase classname="tests.concept.test_members_scenarios" name="test_M_can_seed_profile[M-02]" time="0.839" /><testcase classname="tests.concept.test_members_scenarios" name="test_M_can_seed_profile[M-03]" time="1.822" /><testcase classname="tests.concept.test_members_scenarios" name="test_M_can_seed_profile[M-04]" time="3.368" /><testcase classname="tests.concept.test_members_scenarios" name="test_M_can_seed_profile[M-05]" time="4.297" /><testcase classname="tests.concept.test_members_scenarios" name="test_M_can_seed_profile[M-06]" time="6.415" /><testcase classname="tests.concept.test_members_scenarios" name="test_M_can_seed_profile[M-07]" time="4.596" /><testcase classname="tests.concept.test_members_scenarios" name="test_M_can_seed_profile[M-08]" time="0.652" /><testcase classname="tests.concept.test_members_scenarios" name="test_M_can_seed_profile[M-09]" time="1.121" /><testcase classname="tests.concept.test_members_scenarios" name="test_M01_single_owner_no_rotation" time="0.387" /><testcase classname="tests.concept.test_members_scenarios" name="test_M02_minimal_team_two_members" time="0.760" /><testcase classname="tests.concept.test_members_scenarios" name="test_M05_meets_play_minimum_12" time="4.374" /><testcase classname="tests.concept.test_members_scenarios" name="test_M06_scales_to_twenty_plus" time="6.218" /><testcase classname="tests.concept.test_members_scenarios" name="test_M07_mixed_status_distribution" time="4.543" /><testcase classname="tests.concept.test_members_scenarios" name="test_M08_invited_only_owner_active" time="0.618" /><testcase classname="tests.concept.test_members_scenarios" name="test_M09_reactivation_restores_member" time="1.280" /><testcase classname="tests.concept.test_members_scenarios" name="test_remove_and_readd_preserves_distinct_id" time="1.773" /><testcase classname="tests.concept.test_members_scenarios" name="test_get_events_handles_all_sizes" time="23.807" /><testcase classname="tests.concept.test_pairwise_matrix" name="test_matrix_is_deterministic" time="1.689" /><testcase classname="tests.concept.test_pairwise_matrix" name="test_matrix_respects_constraints" time="0.867" /><testcase classname="tests.concept.test_pairwise_matrix" name="test_matrix_has_acceptable_size" time="0.001" /><testcase classname="tests.concept.test_pairwise_matrix" name="test_matrix_covers_at_least_95_percent_of_pairs" time="0.022" /><testcase classname="tests.concept.test_pairwise_matrix" name="test_sampled_cases_persist_in_real_repo[0]" time="0.190" /><testcase classname="tests.concept.test_pairwise_matrix" name="test_sampled_cases_persist_in_real_repo[25]" time="0.200" /><testcase classname="tests.concept.test_pairwise_matrix" name="test_sampled_cases_persist_in_real_repo[50]" time="0.254" /><testcase classname="tests.concept.test_pairwise_matrix" name="test_sampled_cases_persist_in_real_repo[75]" time="0.281" /><testcase classname="tests.concept.test_pairwise_matrix" name="test_sampled_cases_persist_in_real_repo[100]" time="0.221" /><testcase classname="tests.concept.test_pairwise_matrix" name="test_sampled_cases_persist_in_real_repo[125]" time="0.227" /><testcase classname="tests.concept.test_pairwise_matrix" name="test_sampled_cases_persist_in_real_repo[150]" time="0.305" /><testcase classname="tests.concept.test_pairwise_matrix" name="test_sampled_cases_persist_in_real_repo[175]" time="0.270" /><testcase classname="tests.concept.test_pairwise_matrix" name="test_artifact_tsv_written" time="0.001" /><testcase classname="tests.concept.test_properties_concept" name="test_P1_rotation_advances_one_step" time="3.885" /><testcase classname="tests.concept.test_properties_concept" name="test_P2_overdue_task_rolls_forward_to_future" time="4.016" /><testcase classname="tests.concept.test_properties_concept" name="test_P3_guest_cannot_perform_destructive[GROUP_CREATE]" time="0.001" /><testcase classname="tests.concept.test_properties_concept" name="test_P3_guest_cannot_perform_destructive[GROUP_DELETE]" time="0.001" /><testcase classname="tests.concept.test_properties_concept" name="test_P3_guest_cannot_perform_destructive[OWNERSHIP_TRANSFER]" time="0.001" /><testcase classname="tests.concept.test_properties_concept" name="test_P3_guest_cannot_perform_destructive[MEMBER_INVITE]" time="0.001" /><testcase classname="tests.concept.test_properties_concept" name="test_P3_guest_cannot_perform_destructive[MEMBER_REMOVE]" time="0.001" /><testcase classname="tests.concept.test_properties_concept" name="test_P3_guest_cannot_perform_destructive[MEMBER_CHANGE_ROLE]" time="0.001" /><testcase classname="tests.concept.test_properties_concept" name="test_P3_guest_cannot_perform_destructive[TASK_CREATE]" time="0.001" /><testcase classname="tests.concept.test_properties_concept" name="test_P3_guest_cannot_perform_destructive[TASK_ASSIGN_OTHER]" time="0.001" /><testcase classname="tests.concept.test_properties_concept" name="test_P3_guest_cannot_perform_destructive[TASK_CLOSE_OTHER]" time="0.001" /><testcase classname="tests.concept.test_properties_concept" name="test_P3_guest_cannot_perform_destructive[DATA_EXPORT]" time="0.001" /><testcase classname="tests.concept.test_properties_concept" name="test_P4_owner_allowed_everything[GROUP_CREATE]" time="0.001" /><testcase classname="tests.concept.test_properties_concept" name="test_P4_owner_allowed_everything[GROUP_DELETE]" time="0.001" /><testcase classname="tests.concept.test_properties_concept" name="test_P4_owner_allowed_everything[OWNERSHIP_TRANSFER]" time="0.001" /><testcase classname="tests.concept.test_properties_concept" name="test_P4_owner_allowed_everything[MEMBER_INVITE]" time="0.001" /><testcase classname="tests.concept.test_properties_concept" name="test_P4_owner_allowed_everything[MEMBER_REMOVE]" time="0.001" /><testcase classname="tests.concept.test_properties_concept" name="test_P4_owner_allowed_everything[MEMBER_CHANGE_ROLE]" time="0.001" /><testcase classname="tests.concept.test_properties_concept" name="test_P4_owner_allowed_everything[TASK_CREATE]" time="0.001" /><testcase classname="tests.concept.test_properties_concept" name="test_P4_owner_allowed_everything[TASK_ASSIGN_SELF]" time="0.001" /><testcase classname="tests.concept.test_properties_concept" name="test_P4_owner_allowed_everything[TASK_ASSIGN_OTHER]" time="0.001" /><testcase classname="tests.concept.test_properties_concept" name="test_P4_owner_allowed_everything[TASK_CLOSE_OWN]" time="0.001" /><testcase classname="tests.concept.test_properties_concept" name="test_P4_owner_allowed_everything[TASK_CLOSE_OTHER]" time="0.001" /><testcase classname="tests.concept.test_properties_concept" name="test_P4_owner_allowed_everything[TASK_VIEW]" time="0.001" /><testcase classname="tests.concept.test_properties_concept" name="test_P4_owner_allowed_everything[COMMENT]" time="0.001" /><testcase classname="tests.concept.test_properties_concept" name="test_P4_owner_allowed_everything[PUSH_SETTINGS_SELF]" time="0.001" /><testcase classname="tests.concept.test_properties_concept" name="test_P4_owner_allowed_everything[DATA_EXPORT]" time="0.001" /><testcase classname="tests.concept.test_properties_concept" name="test_P5_classify_urgency_is_monotonic" time="0.001" /><testcase classname="tests.concept.test_properties_concept" name="test_P6_pairwise_deterministic" time="1.764" /><testcase classname="tests.concept.test_protocol_generator" name="test_protocol_parses_junit" time="0.011" /><testcase classname="tests.concept.test_protocol_generator" name="test_protocol_classifies_and_decides" time="0.003" /><testcase classname="tests.concept.test_protocol_generator" name="test_protocol_formats_markdown" time="0.033" /><testcase classname="tests.concept.test_protocol_generator" name="test_protocol_artifacts_present_after_run" time="0.001" /><testcase classname="tests.concept.test_release_gate" name="test_J1_version_code_is_positive_integer" time="0.001" /><testcase classname="tests.concept.test_release_gate" name="test_J2_privacy_documents_present" time="0.001" /><testcase classname="tests.concept.test_release_gate" name="test_J3_license_file_present" time="0.001" /><testcase classname="tests.concept.test_release_gate" name="test_J4_playstore_doc_present" time="0.001" /><testcase classname="tests.concept.test_release_gate" name="test_J5_testing_doc_present" time="0.001" /><testcase classname="tests.concept.test_release_gate" name="test_J6_concept_modules_import" time="0.000" /><testcase classname="tests.concept.test_release_gate" name="test_J7_pairwise_matrix_has_full_coverage" time="0.902" /><testcase classname="tests.concept.test_release_gate" name="test_J8_permission_matrix_is_complete" time="0.001" /><testcase classname="tests.concept.test_release_gate" name="test_J9_member_profiles_present" time="0.000" /><testcase classname="tests.concept.test_release_gate" name="test_J10_full_module_registry_assembles" time="0.143" /><testcase classname="tests.concept.test_roles_permissions" name="test_concept_matrix_complete[OWNER__GROUP_CREATE]" time="0.001" /><testcase classname="tests.concept.test_roles_permissions" name="test_concept_matrix_complete[OWNER__GROUP_DELETE]" time="0.001" /><testcase classname="tests.concept.test_roles_permissions" name="test_concept_matrix_complete[OWNER__OWNERSHIP_TRANSFER]" time="0.001" /><testcase classname="tests.concept.test_roles_permissions" name="test_concept_matrix_complete[OWNER__MEMBER_INVITE]" time="0.001" /><testcase classname="tests.concept.test_roles_permissions" name="test_concept_matrix_complete[OWNER__MEMBER_REMOVE]" time="0.001" /><testcase classname="tests.concept.test_roles_permissions" name="test_concept_matrix_complete[OWNER__MEMBER_CHANGE_ROLE]" time="0.001" /><testcase classname="tests.concept.test_roles_permissions" name="test_concept_matrix_complete[OWNER__TASK_CREATE]" time="0.001" /><testcase classname="tests.concept.test_roles_permissions" name="test_concept_matrix_complete[OWNER__TASK_ASSIGN_SELF]" time="0.001" /><testcase classname="tests.concept.test_roles_permissions" name="test_concept_matrix_complete[OWNER__TASK_ASSIGN_OTHER]" time="0.001" /><testcase classname="tests.concept.test_roles_permissions" name="test_concept_matrix_complete[OWNER__TASK_CLOSE_OWN]" time="0.001" /><testcase classname="tests.concept.test_roles_permissions" name="test_concept_matrix_complete[OWNER__TASK_CLOSE_OTHER]" time="0.001" /><testcase classname="tests.concept.test_roles_permissions" name="test_concept_matrix_complete[OWNER__TASK_VIEW]" time="0.001" /><testcase classname="tests.concept.test_roles_permissions" name="test_concept_matrix_complete[OWNER__COMMENT]" time="0.001" /><testcase classname="tests.concept.test_roles_permissions" name="test_concept_matrix_complete[OWNER__PUSH_SETTINGS_SELF]" time="0.001" /><testcase classname="tests.concept.test_roles_permissions" name="test_concept_matrix_complete[OWNER__DATA_EXPORT]" time="0.001" /><testcase classname="tests.concept.test_roles_permissions" name="test_concept_matrix_complete[ADMIN__GROUP_CREATE]" time="0.001" /><testcase classname="tests.concept.test_roles_permissions" name="test_concept_matrix_complete[ADMIN__GROUP_DELETE]" time="0.001" /><testcase classname="tests.concept.test_roles_permissions" name="test_concept_matrix_complete[ADMIN__OWNERSHIP_TRANSFER]" time="0.001" /><testcase classname="tests.concept.test_roles_permissions" name="test_concept_matrix_complete[ADMIN__MEMBER_INVITE]" time="0.001" /><testcase classname="tests.concept.test_roles_permissions" name="test_concept_matrix_complete[ADMIN__MEMBER_REMOVE]" time="0.001" /><testcase classname="tests.concept.test_roles_permissions" name="test_concept_matrix_complete[ADMIN__MEMBER_CHANGE_ROLE]" time="0.001" /><testcase classname="tests.concept.test_roles_permissions" name="test_concept_matrix_complete[ADMIN__TASK_CREATE]" time="0.001" /><testcase classname="tests.concept.test_roles_permissions" name="test_concept_matrix_complete[ADMIN__TASK_ASSIGN_SELF]" time="0.001" /><testcase classname="tests.concept.test_roles_permissions" name="test_concept_matrix_complete[ADMIN__TASK_ASSIGN_OTHER]" time="0.001" /><testcase classname="tests.concept.test_roles_permissions" name="test_concept_matrix_complete[ADMIN__TASK_CLOSE_OWN]" time="0.001" /><testcase classname="tests.concept.test_roles_permissions" name="test_concept_matrix_complete[ADMIN__TASK_CLOSE_OTHER]" time="0.001" /><testcase classname="tests.concept.test_roles_permissions" name="test_concept_matrix_complete[ADMIN__TASK_VIEW]" time="0.001" /><testcase classname="tests.concept.test_roles_permissions" name="test_concept_matrix_complete[ADMIN__COMMENT]" time="0.001" /><testcase classname="tests.concept.test_roles_permissions" name="test_concept_matrix_complete[ADMIN__PUSH_SETTINGS_SELF]" time="0.001" /><testcase classname="tests.concept.test_roles_permissions" name="test_concept_matrix_complete[ADMIN__DATA_EXPORT]" time="0.001" /><testcase classname="tests.concept.test_roles_permissions" name="test_concept_matrix_complete[MEMBER__GROUP_CREATE]" time="0.001" /><testcase classname="tests.concept.test_roles_permissions" name="test_concept_matrix_complete[MEMBER__GROUP_DELETE]" time="0.001" /><testcase classname="tests.concept.test_roles_permissions" name="test_concept_matrix_complete[MEMBER__OWNERSHIP_TRANSFER]" time="0.001" /><testcase classname="tests.concept.test_roles_permissions" name="test_concept_matrix_complete[MEMBER__MEMBER_INVITE]" time="0.001" /><testcase classname="tests.concept.test_roles_permissions" name="test_concept_matrix_complete[MEMBER__MEMBER_REMOVE]" time="0.001" /><testcase classname="tests.concept.test_roles_permissions" name="test_concept_matrix_complete[MEMBER__MEMBER_CHANGE_ROLE]" time="0.001" /><testcase classname="tests.concept.test_roles_permissions" name="test_concept_matrix_complete[MEMBER__TASK_CREATE]" time="0.001" /><testcase classname="tests.concept.test_roles_permissions" name="test_concept_matrix_complete[MEMBER__TASK_ASSIGN_SELF]" time="0.001" /><testcase classname="tests.concept.test_roles_permissions" name="test_concept_matrix_complete[MEMBER__TASK_ASSIGN_OTHER]" time="0.001" /><testcase classname="tests.concept.test_roles_permissions" name="test_concept_matrix_complete[MEMBER__TASK_CLOSE_OWN]" time="0.001" /><testcase classname="tests.concept.test_roles_permissions" name="test_concept_matrix_complete[MEMBER__TASK_CLOSE_OTHER]" time="0.001" /><testcase classname="tests.concept.test_roles_permissions" name="test_concept_matrix_complete[MEMBER__TASK_VIEW]" time="0.001" /><testcase classname="tests.concept.test_roles_permissions" name="test_concept_matrix_complete[MEMBER__COMMENT]" time="0.001" /><testcase classname="tests.concept.test_roles_permissions" name="test_concept_matrix_complete[MEMBER__PUSH_SETTINGS_SELF]" time="0.001" /><testcase classname="tests.concept.test_roles_permissions" name="test_concept_matrix_complete[MEMBER__DATA_EXPORT]" time="0.001" /><testcase classname="tests.concept.test_roles_permissions" name="test_concept_matrix_complete[GUEST__GROUP_CREATE]" time="0.001" /><testcase classname="tests.concept.test_roles_permissions" name="test_concept_matrix_complete[GUEST__GROUP_DELETE]" time="0.001" /><testcase classname="tests.concept.test_roles_permissions" name="test_concept_matrix_complete[GUEST__OWNERSHIP_TRANSFER]" time="0.001" /><testcase classname="tests.concept.test_roles_permissions" name="test_concept_matrix_complete[GUEST__MEMBER_INVITE]" time="0.001" /><testcase classname="tests.concept.test_roles_permissions" name="test_concept_matrix_complete[GUEST__MEMBER_REMOVE]" time="0.001" /><testcase classname="tests.concept.test_roles_permissions" name="test_concept_matrix_complete[GUEST__MEMBER_CHANGE_ROLE]" time="0.001" /><testcase classname="tests.concept.test_roles_permissions" name="test_concept_matrix_complete[GUEST__TASK_CREATE]" time="0.001" /><testcase classname="tests.concept.test_roles_permissions" name="test_concept_matrix_complete[GUEST__TASK_ASSIGN_SELF]" time="0.001" /><testcase classname="tests.concept.test_roles_permissions" name="test_concept_matrix_complete[GUEST__TASK_ASSIGN_OTHER]" time="0.001" /><testcase classname="tests.concept.test_roles_permissions" name="test_concept_matrix_complete[GUEST__TASK_CLOSE_OWN]" time="0.001" /><testcase classname="tests.concept.test_roles_permissions" name="test_concept_matrix_complete[GUEST__TASK_CLOSE_OTHER]" time="0.001" /><testcase classname="tests.concept.test_roles_permissions" name="test_concept_matrix_complete[GUEST__TASK_VIEW]" time="0.001" /><testcase classname="tests.concept.test_roles_permissions" name="test_concept_matrix_complete[GUEST__COMMENT]" time="0.001" /><testcase classname="tests.concept.test_roles_permissions" name="test_concept_matrix_complete[GUEST__PUSH_SETTINGS_SELF]" time="0.001" /><testcase classname="tests.concept.test_roles_permissions" name="test_concept_matrix_complete[GUEST__DATA_EXPORT]" time="0.001" /><testcase classname="tests.concept.test_roles_permissions" name="test_owner_can_do_everything" time="0.001" /><testcase classname="tests.concept.test_roles_permissions" name="test_guest_cannot_modify_data" time="0.001" /><testcase classname="tests.concept.test_roles_permissions" name="test_admin_can_invite_but_not_delete_group" time="0.001" /><testcase classname="tests.concept.test_roles_permissions" name="test_member_can_self_assign_but_not_other" time="0.001" /><testcase classname="tests.concept.test_roles_permissions" name="test_destructive_capabilities_have_marker" time="0.181" /><testcase classname="tests.concept.test_roles_permissions" name="test_license_gate_blocks_ai_in_free" time="0.157" /><testcase classname="tests.concept.test_roles_permissions" name="test_license_gate_passes_family_in_free" time="0.168" /><testcase classname="tests.concept.test_roles_permissions" name="test_license_gate_blocks_finance_writes_in_free" time="0.170" /><testcase classname="tests.concept.test_roles_permissions" name="test_owner_concept_role_maps_to_pro_license" time="0.173" /><testcase classname="tests.test_gui_smoke.TestGuiImports" name="test_geometry_helpers" time="0.082" /><testcase classname="tests.test_gui_smoke.TestGuiImports" name="test_gui_has_license_section_methods" time="0.001" /><testcase classname="tests.test_gui_smoke.TestGuiImports" name="test_gui_module_imports" time="0.001" /><testcase classname="tests.test_gui_smoke.TestGuiImports" name="test_license_ui_helpers_callable_headless" time="0.012" /><testcase classname="tests.test_gui_smoke.TestGuiImports" name="test_main_app_class_exists" time="0.001" /><testcase classname="tests.test_gui_smoke.TestMainImports" name="test_build_registry_signature" time="0.001" /><testcase classname="tests.test_gui_smoke.TestMainImports" name="test_main_module_imports" time="0.001" /><testcase classname="tests.test_integration.TestSmtpVersand" name="test_send_smtp_calls_protocol" time="0.008" /><testcase classname="tests.test_integration.TestSmtpVersand" name="test_send_smtp_handles_server_error" time="0.002" /><testcase classname="tests.test_integration.TestSmtpVersand" name="test_send_smtp_skips_starttls_when_disabled" time="0.003" /><testcase classname="tests.test_integration.TestSmtpVersand" name="test_send_smtp_without_config_returns_skip" time="0.001" /><testcase classname="tests.test_integration.TestImapAbruf" name="test_fetch_imap_loops_through_unseen" time="0.195" /><testcase classname="tests.test_integration.TestOcrParsing" name="test_missing_engine_returns_hint" time="0.002" /><testcase classname="tests.test_integration.TestOcrParsing" name="test_receipt_text_extraction" time="0.001" /><testcase classname="tests.test_integration.TestPrinten" name="test_print_file_calls_lpr_on_macos" time="0.005" /><testcase classname="tests.test_integration.TestPrinten" name="test_print_file_calls_subprocess_on_unix" time="0.005" /><testcase classname="tests.test_integration.TestPrinten" name="test_print_file_missing_returns_error" time="0.002" /><testcase classname="tests.test_integration.TestHttpsSyncServer" name="test_tls_handshake_with_self_signed_cert" time="0.766" /><testcase classname="tests.test_integration.TestSqlCipherRealRoundTrip" name="test_encrypt_write_close_reopen" time="0.001"><skipped type="pytest.skip" message="sqlcipher3 fehlt - Real-Test ausgelassen">C:\Users\torst\AppData\Local\Programs\Python\Python311\Lib\site-packages\_pytest\unittest.py:502: sqlcipher3 fehlt - Real-Test ausgelassen</skipped></testcase><testcase classname="tests.test_integration.TestGeminiRealApi" name="test_simple_ask_returns_text" time="0.000"><skipped type="pytest.skip" message="GOOGLE_API_KEY nicht gesetzt - Gemini-Real-Test ausgelassen">C:\Users\torst\AppData\Local\Programs\Python\Python311\Lib\site-packages\_pytest\unittest.py:502: GOOGLE_API_KEY nicht gesetzt - Gemini-Real-Test ausgelassen</skipped></testcase><testcase classname="tests.test_mobile_helpers.TestFormatCurrency" name="test_invalid" time="0.001" /><testcase classname="tests.test_mobile_helpers.TestFormatCurrency" name="test_normal" time="0.001" /><testcase classname="tests.test_mobile_helpers.TestFormatCurrency" name="test_other_currency" time="0.001" /><testcase classname="tests.test_mobile_helpers.TestFormatCurrency" name="test_thousands_separator" time="0.001" /><testcase classname="tests.test_mobile_helpers.TestFormatCurrency" name="test_zero" time="0.001" /><testcase classname="tests.test_mobile_helpers.TestDaysUntil" name="test_future" time="0.001" /><testcase classname="tests.test_mobile_helpers.TestDaysUntil" name="test_invalid" time="0.001" /><testcase classname="tests.test_mobile_helpers.TestDaysUntil" name="test_past" time="0.001" /><testcase classname="tests.test_mobile_helpers.TestDaysUntil" name="test_today" time="0.001" /><testcase classname="tests.test_mobile_helpers.TestRelativeWhen" name="test_future" time="0.001" /><testcase classname="tests.test_mobile_helpers.TestRelativeWhen" name="test_invalid_returns_empty" time="0.001" /><testcase classname="tests.test_mobile_helpers.TestRelativeWhen" name="test_past" time="0.001" /><testcase classname="tests.test_mobile_helpers.TestRelativeWhen" name="test_today" time="0.001" /><testcase classname="tests.test_mobile_helpers.TestRelativeWhen" name="test_tomorrow" time="0.001" /><testcase classname="tests.test_mobile_helpers.TestRelativeWhen" name="test_yesterday" time="0.001" /><testcase classname="tests.test_mobile_helpers.TestUrgencyColor" name="test_far_future_is_normal" time="0.001" /><testcase classname="tests.test_mobile_helpers.TestUrgencyColor" name="test_none_is_normal" time="0.001" /><testcase classname="tests.test_mobile_helpers.TestUrgencyColor" name="test_overdue_is_error" time="0.001" /><testcase classname="tests.test_mobile_helpers.TestUrgencyColor" name="test_within_month_is_warning" time="0.001" /><testcase classname="tests.test_mobile_helpers.TestUrgencyColor" name="test_within_week_is_error" time="0.001" /><testcase classname="tests.test_mobile_helpers.TestTruncate" name="test_empty" time="0.001" /><testcase classname="tests.test_mobile_helpers.TestTruncate" name="test_long_gets_ellipsis" time="0.001" /><testcase classname="tests.test_mobile_helpers.TestTruncate" name="test_short_unchanged" time="0.001" /><testcase classname="tests.test_mobile_helpers.TestGroupByModule" name="test_groups_by_module_id" time="0.001" /><testcase classname="tests.test_mobile_helpers.TestGroupByModule" name="test_unknown_falls_back" time="0.001" /><testcase classname="tests.test_mobile_helpers.TestDashboardSummary" name="test_aggregates_three_sources" time="0.001" /><testcase classname="tests.test_mobile_helpers.TestDashboardSummary" name="test_robust_against_errors" time="0.001" /><testcase classname="tests.test_mobile_helpers.TestDashboardSummary" name="test_truncates_to_phone_friendly_count" time="0.001" /><testcase classname="tests.test_pairing.TestIdentity" name="test_generate_identity_accepts_custom_name" time="0.001" /><testcase classname="tests.test_pairing.TestIdentity" name="test_generate_identity_returns_valid_pair" time="0.001" /><testcase classname="tests.test_pairing.TestIdentity" name="test_sign_verify_roundtrip" time="0.001" /><testcase classname="tests.test_pairing.TestIdentity" name="test_two_identities_are_distinct" time="0.001" /><testcase classname="tests.test_pairing.TestIdentity" name="test_verify_rejects_tampered_message" time="0.001" /><testcase classname="tests.test_pairing.TestIdentity" name="test_verify_rejects_wrong_public_key" time="0.001" /><testcase classname="tests.test_pairing.TestIdentity" name="test_verify_returns_false_for_garbage_signature" time="0.001" /><testcase classname="tests.test_pairing.TestFingerprint" name="test_fingerprint_bits_constant_matches_format" time="0.001" /><testcase classname="tests.test_pairing.TestFingerprint" name="test_fingerprint_differs_for_different_keys" time="0.001" /><testcase classname="tests.test_pairing.TestFingerprint" name="test_fingerprint_format" time="0.001" /><testcase classname="tests.test_pairing.TestFingerprint" name="test_fingerprint_is_deterministic" time="0.001" /><testcase classname="tests.test_pairing.TestFingerprint" name="test_fingerprint_known_vector" time="0.001" /><testcase classname="tests.test_pairing.TestFingerprint" name="test_fingerprint_rejects_wrong_length" time="0.001" /><testcase classname="tests.test_pairing.TestInMemorySecureStore" name="test_delete_makes_key_disappear" time="0.001" /><testcase classname="tests.test_pairing.TestInMemorySecureStore" name="test_delete_missing_is_silent" time="0.001" /><testcase classname="tests.test_pairing.TestInMemorySecureStore" name="test_get_missing_returns_none" time="0.001" /><testcase classname="tests.test_pairing.TestInMemorySecureStore" name="test_list_keys_filters_by_prefix" time="0.001" /><testcase classname="tests.test_pairing.TestInMemorySecureStore" name="test_overwrite_replaces_value" time="0.001" /><testcase classname="tests.test_pairing.TestInMemorySecureStore" name="test_protocol_runtime_check" time="0.001" /><testcase classname="tests.test_pairing.TestInMemorySecureStore" name="test_rejects_non_bytes" time="0.001" /><testcase classname="tests.test_pairing.TestInMemorySecureStore" name="test_set_and_get_roundtrip" time="0.001" /><testcase classname="tests.test_pairing.TestKeyringSecureStore" name="test_delete_removes_from_list" time="0.028" /><testcase classname="tests.test_pairing.TestKeyringSecureStore" name="test_list_keys_returns_set_keys" time="0.045" /><testcase classname="tests.test_pairing.TestKeyringSecureStore" name="test_manifest_key_is_reserved" time="0.002" /><testcase classname="tests.test_pairing.TestKeyringSecureStore" name="test_roundtrip" time="0.020" /><testcase classname="tests.test_pairing.TestDefaultSecureStore" name="test_env_override_to_memory" time="0.001" /><testcase classname="tests.test_pairing.TestDefaultSecureStore" name="test_returns_some_secure_store" time="0.001" /><testcase classname="tests.test_pairing_handshake.TestHkdf" name="test_default_length_32" time="0.001" /><testcase classname="tests.test_pairing_handshake.TestHkdf" name="test_deterministic" time="0.001" /><testcase classname="tests.test_pairing_handshake.TestHkdf" name="test_distinct_inputs_distinct_outputs" time="0.001" /><testcase classname="tests.test_pairing_handshake.TestHkdf" name="test_rejects_bad_length" time="0.001" /><testcase classname="tests.test_pairing_handshake.TestTranscript" name="test_deterministic" time="0.001" /><testcase classname="tests.test_pairing_handshake.TestTranscript" name="test_field_swap_does_not_collide" time="0.001" /><testcase classname="tests.test_pairing_handshake.TestTranscript" name="test_method_change_changes_transcript" time="0.001" /><testcase classname="tests.test_pairing_handshake.TestTranscript" name="test_rejects_empty_method_or_sid" time="0.001" /><testcase classname="tests.test_pairing_handshake.TestTranscript" name="test_rejects_negative_or_huge_exp" time="0.001" /><testcase classname="tests.test_pairing_handshake.TestTranscript" name="test_rejects_wrong_pubkey_length" time="0.001" /><testcase classname="tests.test_pairing_handshake.TestTranscript" name="test_transcript_hash_is_32_bytes" time="0.001" /><testcase classname="tests.test_pairing_handshake.TestPairingHappyPath" name="test_both_sides_derive_same_psk" time="0.023" /><testcase classname="tests.test_pairing_handshake.TestPairingHappyPath" name="test_each_side_learns_the_other_public_key" time="0.022" /><testcase classname="tests.test_pairing_handshake.TestPairingHappyPath" name="test_psk_symmetric_under_role_swap" time="0.044" /><testcase classname="tests.test_pairing_handshake.TestPairingFailures" name="test_calls_in_wrong_order_raise" time="0.001" /><testcase classname="tests.test_pairing_handshake.TestPairingFailures" name="test_initiator_cannot_make_proof_before_learning_responder_key" time="0.021" /><testcase classname="tests.test_pairing_handshake.TestPairingFailures" name="test_rejects_bad_signature_length" time="0.022" /><testcase classname="tests.test_pairing_handshake.TestPairingFailures" name="test_responder_with_wrong_initiator_pubkey_in_invitation" time="0.022" /><testcase classname="tests.test_pairing_handshake.TestPairingFailures" name="test_wrong_ot_secret_breaks_handshake" time="0.022" /><testcase classname="tests.test_pairing_handshake.TestSecretsDoNotLeak" name="test_result_only_exposes_safe_fields" time="0.022" /><testcase classname="tests.test_performance.TestBulkInsertPerformance" name="test_insert_500_contracts_under_15s" time="2.722" /><testcase classname="tests.test_performance.TestBulkInsertPerformance" name="test_insert_500_expenses_under_15s" time="2.789" /><testcase classname="tests.test_performance.TestBulkInsertPerformance" name="test_list_200_contracts_under_2s" time="1.149" /><testcase classname="tests.test_performance.TestDeadlineCalculationPerformance" name="test_deadline_calculation_scales" time="0.126" /><testcase classname="tests.test_performance.TestNotesListingPerformance" name="test_list_attached_in_large_dataset" time="5.533" /><testcase classname="tests.test_playstore_check.TestParseBuildozerSpec" name="test_extracts_app_block" time="0.002" /><testcase classname="tests.test_playstore_check.TestParseBuildozerSpec" name="test_handles_missing_file" time="0.001" /><testcase classname="tests.test_playstore_check.TestParseBuildozerSpec" name="test_ignores_comments_and_blanks" time="0.002" /><testcase classname="tests.test_playstore_check.TestCheckSdkLevels" name="test_fails_below_min_target" time="0.001" /><testcase classname="tests.test_playstore_check.TestCheckSdkLevels" name="test_flags_too_low_minapi" time="0.001" /><testcase classname="tests.test_playstore_check.TestCheckSdkLevels" name="test_passes_at_or_above_target" time="0.001" /><testcase classname="tests.test_playstore_check.TestCheckPermissions" name="test_denied_permission_fails" time="0.001" /><testcase classname="tests.test_playstore_check.TestCheckPermissions" name="test_empty_permissions_passes" time="0.001" /><testcase classname="tests.test_playstore_check.TestCheckPermissions" name="test_unknown_permission_warns" time="0.001" /><testcase classname="tests.test_playstore_check.TestCheckPermissions" name="test_whitelisted_passes" time="0.001" /><testcase classname="tests.test_playstore_check.TestCheckVersioning" name="test_invalid_warns" time="0.001" /><testcase classname="tests.test_playstore_check.TestCheckVersioning" name="test_missing_fails" time="0.001" /><testcase classname="tests.test_playstore_check.TestCheckVersioning" name="test_semver_passes" time="0.001" /><testcase classname="tests.test_playstore_check.TestCheckSecrets" name="test_clean_repo_passes" time="0.007" /><testcase classname="tests.test_playstore_check.TestCheckSecrets" name="test_detects_google_api_key" time="0.005" /><testcase classname="tests.test_playstore_check.TestCheckDemoData" name="test_fails_when_db_missing" time="0.001" /><testcase classname="tests.test_playstore_check.TestCheckDemoData" name="test_passes_when_db_and_sqlite_excluded" time="0.001" /><testcase classname="tests.test_playstore_check.TestCodeSmells" name="test_print_only_in_mobile_path" time="0.005" /><testcase classname="tests.test_playstore_check.TestCodeSmells" name="test_requests_verify_false_is_smell" time="0.006" /><testcase classname="tests.test_playstore_check.TestReportFormats" name="test_json_format_valid" time="0.001" /><testcase classname="tests.test_playstore_check.TestReportFormats" name="test_summary_counts" time="0.001" /><testcase classname="tests.test_playstore_check.TestRunChecksIntegration" name="test_runs_without_exception" time="0.113" /><testcase classname="tests.test_playstore_check.TestRunChecksIntegration" name="test_subset_only" time="0.004" /><testcase classname="tests.test_property.TestPropertyBasedSkipped" name="test_skipped" time="0.001"><skipped type="pytest.skip" message="hypothesis nicht installiert">D:\Tools\ZunaroDo\tests\test_property.py:81: hypothesis nicht installiert</skipped></testcase><testcase classname="tests.test_smoke.TestRegistry" name="test_capabilities_registered" time="0.152" /><testcase classname="tests.test_smoke.TestRegistry" name="test_module_to_module_via_context" time="0.183" /><testcase classname="tests.test_smoke.TestRegistry" name="test_unknown_capability_returns_error" time="0.187" /><testcase classname="tests.test_smoke.TestHasCapabilityHonorsDisabled" name="test_has_capability_false_when_disabled" time="0.190" /><testcase classname="tests.test_smoke.TestHasCapabilityHonorsDisabled" name="test_has_capability_returns_after_enable" time="0.195" /><testcase classname="tests.test_smoke.TestCalendarNoMutation" name="test_recurring_event_not_mutated_in_db" time="0.178" /><testcase classname="tests.test_smoke.TestDestructiveFlags" name="test_critical_capabilities_are_marked" time="0.194" /><testcase classname="tests.test_smoke.TestModuleStatePersistence" name="test_disabled_module_id_persists" time="0.216" /><testcase classname="tests.test_smoke.TestDayStructurePersistence" name="test_entry_persists" time="0.209" /><testcase classname="tests.test_smoke.TestAssistantLogRotation" name="test_log_does_not_grow_unbounded" time="0.326" /><testcase classname="tests.test_smoke.TestSettings" name="test_db_value_overrides_default" time="0.156" /><testcase classname="tests.test_smoke.TestSettings" name="test_defaults_when_empty" time="0.188" /><testcase classname="tests.test_smoke.TestSettings" name="test_env_overrides_db" time="0.185" /><testcase classname="tests.test_smoke.TestSettings" name="test_secret_is_not_persisted" time="0.180" /><testcase classname="tests.test_smoke.TestSyncExpandedCapabilities" name="test_contract_replays_on_other_device" time="0.412" /><testcase classname="tests.test_smoke.TestSyncCompaction" name="test_compact_drops_oldest" time="0.032" /><testcase classname="tests.test_smoke.TestHttpSyncRoundTrip" name="test_http_provider_append_and_fetch" time="0.528" /><testcase classname="tests.test_smoke.TestGeminiAssistantStub" name="test_mode_reports_llm" time="0.207" /><testcase classname="tests.test_smoke.TestGeminiAssistantStub" name="test_token_usage_accumulates" time="0.184" /><testcase classname="tests.test_smoke.TestEncryption" name="test_encryption_requires_sqlcipher3" time="0.003" /><testcase classname="tests.test_smoke.TestEncryption" name="test_plain_mode_when_no_key" time="0.137" /><testcase classname="tests.test_smoke.TestThreadSafety" name="test_concurrent_dispatch" time="0.641" /><testcase classname="tests.test_smoke.TestConversationHistory" name="test_history_grows_across_calls" time="0.206" /><testcase classname="tests.test_smoke.TestSmtpWiring" name="test_smtp_config_from_app_config" time="0.001" /><testcase classname="tests.test_smoke.TestSyncReentry" name="test_non_synced_outer_lets_nested_log" time="0.235" /><testcase classname="tests.test_smoke.TestSyncReentry" name="test_synced_outer_suppresses_synced_nested" time="0.209" /><testcase classname="tests.test_smoke.TestRecurrenceValidation" name="test_invalid_date_rejected" time="0.206" /><testcase classname="tests.test_smoke.TestRecurrenceValidation" name="test_negative_recurrence_rejected" time="0.191" /><testcase classname="tests.test_smoke.TestRecurrenceValidation" name="test_none_recurrence_ok" time="0.173" /><testcase classname="tests.test_smoke.TestRecurrenceValidation" name="test_positive_recurrence_ok" time="0.160" /><testcase classname="tests.test_smoke.TestRecurrenceValidation" name="test_zero_recurrence_rejected" time="0.159" /><testcase classname="tests.test_smoke.TestSyncServerCompaction" name="test_server_drops_oldest_when_over_limit" time="0.583" /><testcase classname="tests.test_smoke.TestUtcTimestamps" name="test_event_timestamp_has_utc_marker" time="0.387" /><testcase classname="tests.test_smoke.TestInboxExtractText" name="test_empty_payload_returns_empty_string" time="0.001" /><testcase classname="tests.test_smoke.TestInboxExtractText" name="test_multipart_without_textplain_returns_empty" time="0.001" /><testcase classname="tests.test_smoke.TestSqlCipherValidation" name="test_nul_byte_rejected" time="0.001" /><testcase classname="tests.test_smoke.TestSqlCipherValidation" name="test_too_short_rejected" time="0.001" /><testcase classname="tests.test_smoke.TestCompleteTaskCatchUp" name="test_overdue_task_advances_rotation_multiple_times" time="0.463" /><testcase classname="tests.test_smoke.TestPrintFileNoShell" name="test_missing_file_returns_error" time="0.001" /><testcase classname="tests.test_smoke.TestPrintFileNoShell" name="test_path_with_spaces_handled" time="0.001" /><testcase classname="tests.test_smoke.TestLlmJsonParsing" name="test_fenced_json" time="0.001" /><testcase classname="tests.test_smoke.TestLlmJsonParsing" name="test_fenced_without_lang" time="0.001" /><testcase classname="tests.test_smoke.TestLlmJsonParsing" name="test_invalid_returns_empty" time="0.001" /><testcase classname="tests.test_smoke.TestLlmJsonParsing" name="test_plain_json" time="0.001" /><testcase classname="tests.test_smoke.TestLlmJsonParsing" name="test_prose_with_embedded_json" time="0.001" /><testcase classname="tests.test_smoke.TestDeleteCapabilities" name="test_delete_caps_are_destructive" time="0.474" /><testcase classname="tests.test_smoke.TestDeleteCapabilities" name="test_delete_contract_round_trip" time="0.404" /><testcase classname="tests.test_smoke.TestDeleteCapabilities" name="test_delete_member_keeps_orphan_contracts" time="0.353" /><testcase classname="tests.test_smoke.TestDeleteCapabilities" name="test_delete_unknown_returns_error" time="0.298" /><testcase classname="tests.test_smoke.TestInputValidation" name="test_calendar_unknown_category_normalizes" time="0.356" /><testcase classname="tests.test_smoke.TestInputValidation" name="test_family_task_rejects_zero_interval" time="0.590" /><testcase classname="tests.test_smoke.TestInputValidation" name="test_finance_rejects_bad_date" time="0.584" /><testcase classname="tests.test_smoke.TestInputValidation" name="test_finance_rejects_negative_amount" time="0.740" /><testcase classname="tests.test_smoke.TestInputValidation" name="test_social_rejects_empty_name" time="0.403" /><testcase classname="tests.test_smoke.TestInputValidation" name="test_social_rejects_non_positive_cadence" time="0.762" /><testcase classname="tests.test_smoke.TestLlmProposalValidation" name="test_missing_required_dropped" time="0.834" /><testcase classname="tests.test_smoke.TestLlmProposalValidation" name="test_unknown_target_capability_dropped" time="0.961" /><testcase classname="tests.test_smoke.TestDisabledModuleSurfaced" name="test_disabled_contracts_yields_warning_in_finance_events" time="0.752" /><testcase classname="tests.test_smoke.TestDiagnose" name="test_collect_returns_expected_shape" time="1.066" /><testcase classname="tests.test_smoke.TestBackupAndRestore" name="test_list_backups_sorted_newest_first" time="1.002" /><testcase classname="tests.test_smoke.TestBackupAndRestore" name="test_online_backup_creates_readable_copy" time="0.562" /><testcase classname="tests.test_smoke.TestBackupAndRestore" name="test_restore_overwrites_live_db" time="0.838" /><testcase classname="tests.test_smoke.TestCsvExport" name="test_export_all_writes_five_files" time="0.722" /><testcase classname="tests.test_smoke.TestCsvExport" name="test_export_contracts_writes_csv" time="0.328" /><testcase classname="tests.test_smoke.TestSearch" name="test_no_hit" time="0.829" /><testcase classname="tests.test_smoke.TestSearch" name="test_search_finds_multiple_sources" time="0.259" /><testcase classname="tests.test_smoke.TestSearch" name="test_short_query_rejected" time="0.217" /><testcase classname="tests.test_smoke.TestProposalUpdate" name="test_update_blocked_after_accept" time="0.207" /><testcase classname="tests.test_smoke.TestProposalUpdate" name="test_update_payload_replaces_value" time="0.205" /><testcase classname="tests.test_smoke.TestProposalUpdate" name="test_update_then_accept_uses_new_payload" time="0.165" /><testcase classname="tests.test_smoke.TestRegistryGetCapability" name="test_returns_capability_object" time="0.151" /><testcase classname="tests.test_smoke.TestRegistryGetCapability" name="test_returns_none_for_disabled_module" time="0.173" /><testcase classname="tests.test_smoke.TestRegistryGetCapability" name="test_returns_none_for_unknown" time="0.182" /><testcase classname="tests.test_smoke.TestI18n" name="test_default_german" time="0.001" /><testcase classname="tests.test_smoke.TestI18n" name="test_en_missing_key_falls_back_to_de" time="0.002" /><testcase classname="tests.test_smoke.TestI18n" name="test_english_translation" time="0.002" /><testcase classname="tests.test_smoke.TestI18n" name="test_missing_key_returns_key" time="0.001" /><testcase classname="tests.test_smoke.TestI18n" name="test_missing_key_with_default" time="0.001" /><testcase classname="tests.test_smoke.TestI18n" name="test_unknown_language_falls_back_to_default" time="0.001" /><testcase classname="tests.test_smoke.TestBackupSqlCipherPath" name="test_sqlcipher_path_rejects_short_key" time="0.002" /><testcase classname="tests.test_smoke.TestBackupSqlCipherPath" name="test_sqlcipher_path_requires_key" time="0.002" /><testcase classname="tests.test_smoke.TestSyncServerTls" name="test_serve_with_bad_cert_path_raises" time="0.004" /><testcase classname="tests.test_smoke.TestCsvImportRoundTrip" name="test_export_then_import_reproduces_data" time="0.476" /><testcase classname="tests.test_smoke.TestCsvImportRoundTrip" name="test_invalid_dates_dont_crash" time="0.214" /><testcase classname="tests.test_smoke.TestCsvImportRoundTrip" name="test_missing_csv_files_are_skipped" time="0.241" /><testcase classname="tests.test_smoke.TestStatistics" name="test_contracts_overview_top_3" time="0.226" /><testcase classname="tests.test_smoke.TestStatistics" name="test_expenses_per_category_aggregates" time="0.216" /><testcase classname="tests.test_smoke.TestStatistics" name="test_expenses_per_month_returns_buckets" time="0.217" /><testcase classname="tests.test_smoke.TestStatistics" name="test_rejects_zero_months" time="0.223" /><testcase classname="tests.test_smoke.TestStatistics" name="test_yearly_summary" time="0.240" /><testcase classname="tests.test_smoke.TestUtcTimestampsInDb" name="test_assistant_log_uses_utc" time="0.218" /><testcase classname="tests.test_smoke.TestUtcTimestampsInDb" name="test_contract_created_at_uses_utc" time="0.203" /><testcase classname="tests.test_smoke.TestProfile" name="test_db_path_default" time="0.001" /><testcase classname="tests.test_smoke.TestProfile" name="test_db_path_with_profile" time="0.001" /><testcase classname="tests.test_smoke.TestProfile" name="test_explicit_overrides_env" time="0.001" /><testcase classname="tests.test_smoke.TestProfile" name="test_resolve_profile_uses_env" time="0.001" /><testcase classname="tests.test_smoke.TestProfile" name="test_sanitize_profile" time="0.001" /><testcase classname="tests.test_smoke.TestProfile" name="test_state_dir_default_and_profile" time="0.001" /><testcase classname="tests.test_smoke.TestProfile" name="test_two_profiles_use_separate_files" time="0.371" /><testcase classname="tests.test_smoke.TestAutoBackup" name="test_prune_old_backups_keeps_newest" time="0.231" /><testcase classname="tests.test_smoke.TestAutoBackup" name="test_run_once_creates_backup_and_prunes" time="0.288" /><testcase classname="tests.test_smoke.TestIcalExport" name="test_export_creates_valid_ical" time="0.194" /><testcase classname="tests.test_smoke.TestVCardExport" name="test_export_creates_valid_vcard" time="0.187" /><testcase classname="tests.test_smoke.TestYearlyPdfReport" name="test_pdf_report_produced" time="0.198" /><testcase classname="tests.test_smoke.TestNotesModule" name="test_add_list_update_attach_delete" time="0.189" /><testcase classname="tests.test_smoke.TestNotesModule" name="test_empty_title_rejected" time="0.197" /><testcase classname="tests.test_smoke.TestNotesModule" name="test_invalid_entity_type_rejected" time="0.199" /><testcase classname="tests.test_smoke.TestNotesModule" name="test_search_finds_notes" time="0.192" /><testcase classname="tests.test_smoke.TestIcalImportRoundTrip" name="test_import_missing_file_returns_error" time="0.178" /><testcase classname="tests.test_smoke.TestIcalImportRoundTrip" name="test_roundtrip" time="0.478" /><testcase classname="tests.test_smoke.TestVCardImportRoundTrip" name="test_roundtrip_preserves_rhythmus" time="0.365" /><testcase classname="tests.test_smoke.TestLamportCrdt" name="test_clock_ticks_monotonically" time="0.001" /><testcase classname="tests.test_smoke.TestLamportCrdt" name="test_events_get_lamport_counter" time="0.192" /><testcase classname="tests.test_smoke.TestLamportCrdt" name="test_replay_order_uses_lamport" time="0.002" /><testcase classname="tests.test_smoke.TestBulkOperations" name="test_bulk_complete_overdue_tasks" time="0.255" /><testcase classname="tests.test_smoke.TestBulkOperations" name="test_bulk_delete_archived" time="0.232" /><testcase classname="tests.test_smoke.TestBulkOperations" name="test_bulk_reject_open_proposals" time="0.248" /><testcase classname="tests.test_smoke.TestReviewFixes" name="test_assistant_ask_lock_serializes" time="0.158" /><testcase classname="tests.test_smoke.TestReviewFixes" name="test_bulk_complete_overdue_dispatches_individual_tasks" time="0.194" /><testcase classname="tests.test_smoke.TestReviewFixes" name="test_bulk_delete_archived_uses_repository_method" time="0.218" /><testcase classname="tests.test_smoke.TestReviewFixes" name="test_deleting_contract_cleans_attached_notes" time="0.205" /><testcase classname="tests.test_smoke.TestReviewFixes" name="test_geometry_validation" time="0.188" /><testcase classname="tests.test_smoke.TestReviewFixes" name="test_http_provider_has_read_all" time="4.253" /><testcase classname="tests.test_smoke.TestReviewFixes" name="test_ical_export_folds_at_byte_boundary" time="0.280" /><testcase classname="tests.test_smoke.TestReviewFixes" name="test_ical_import_rejects_nonexistent" time="0.233" /><testcase classname="tests.test_smoke.TestReviewFixes" name="test_ical_import_rejects_path_outside_or_bad_extension" time="0.237" /><testcase classname="tests.test_smoke.TestReviewFixes" name="test_ical_import_validates_recurrence" time="0.186" /><testcase classname="tests.test_smoke.TestReviewFixes" name="test_initial_lamport_ignores_other_devices" time="0.138" /><testcase classname="tests.test_smoke.TestReviewFixes" name="test_internal_capabilities_hidden_from_llm" time="0.145" /><testcase classname="tests.test_smoke.TestReviewFixes" name="test_notes_entity_id_zero_preserved" time="0.166" /><testcase classname="tests.test_smoke.TestReviewFixes" name="test_rrule_uses_yearly_for_365" time="0.189" /><testcase classname="tests.test_smoke.TestReviewFixes" name="test_sync_event_args_deep_copy" time="0.181" /><testcase classname="tests.test_smoke.TestReviewFixes" name="test_unescape_preserves_real_null_bytes" time="0.169" /><testcase classname="tests.test_smoke.TestReviewFixes" name="test_vcard_import_clamps_cadence" time="0.197" /><testcase classname="tests.test_smoke.TestReviewFixes" name="test_vcard_import_rejects_too_large" time="0.201" /><testcase classname="tests.test_smoke.TestProposalsFlow" name="test_price_change_round_trip" time="0.226" /><testcase classname="tests.test_smoke.TestLicensing" name="test_action_apply_token_rejects_empty" time="0.195" /><testcase classname="tests.test_smoke.TestLicensing" name="test_action_apply_token_rejects_garbage" time="0.147" /><testcase classname="tests.test_smoke.TestLicensing" name="test_action_apply_token_round_trip" time="0.202" /><testcase classname="tests.test_smoke.TestLicensing" name="test_action_start_trial_success_then_blocked" time="0.179" /><testcase classname="tests.test_smoke.TestLicensing" name="test_activate_pro_sets_year_for_annual" time="0.301" /><testcase classname="tests.test_smoke.TestLicensing" name="test_activation_rejects_free_tier" time="0.196" /><testcase classname="tests.test_smoke.TestLicensing" name="test_activation_requires_withdrawal_waiver" time="0.349" /><testcase classname="tests.test_smoke.TestLicensing" name="test_affiliate_block_empty_when_no_partners" time="0.002" /><testcase classname="tests.test_smoke.TestLicensing" name="test_affiliate_block_format" time="0.002" /><testcase classname="tests.test_smoke.TestLicensing" name="test_affiliate_block_in_letter_text_is_static" time="0.273" /><testcase classname="tests.test_smoke.TestLicensing" name="test_all_quotes_returns_pricing_tiers" time="0.001" /><testcase classname="tests.test_smoke.TestLicensing" name="test_annual_applies_20_percent_discount" time="0.001" /><testcase classname="tests.test_smoke.TestLicensing" name="test_annual_savings_vs_monthly" time="0.001" /><testcase classname="tests.test_smoke.TestLicensing" name="test_annual_total_matches_readme_base_tier" time="0.001" /><testcase classname="tests.test_smoke.TestLicensing" name="test_apply_token_persists_token_string" time="0.227" /><testcase classname="tests.test_smoke.TestLicensing" name="test_build_pricing_rows_marks_recommended" time="0.001" /><testcase classname="tests.test_smoke.TestLicensing" name="test_build_pricing_rows_skips_family_above_cap" time="0.001" /><testcase classname="tests.test_smoke.TestLicensing" name="test_cancellation_includes_affiliate_suggestions" time="0.223" /><testcase classname="tests.test_smoke.TestLicensing" name="test_chf_conversion_applies_swiss_vat" time="0.001" /><testcase classname="tests.test_smoke.TestLicensing" name="test_family_tier_flat_price" time="0.001" /><testcase classname="tests.test_smoke.TestLicensing" name="test_family_tier_rejects_too_many_persons" time="0.001" /><testcase classname="tests.test_smoke.TestLicensing" name="test_format_quote_de_mentions_savings" time="0.001" /><testcase classname="tests.test_smoke.TestLicensing" name="test_free_license_restricts_modules" time="0.001" /><testcase classname="tests.test_smoke.TestLicensing" name="test_free_tier_is_zero" time="0.001" /><testcase classname="tests.test_smoke.TestLicensing" name="test_gate_allows_everything_for_pro" time="0.001" /><testcase classname="tests.test_smoke.TestLicensing" name="test_gate_blocks_ai_capability_for_free" time="0.001" /><testcase classname="tests.test_smoke.TestLicensing" name="test_gate_blocks_pro_module_for_free" time="0.001" /><testcase classname="tests.test_smoke.TestLicensing" name="test_gate_open_modules_always_accessible" time="0.001" /><testcase classname="tests.test_smoke.TestLicensing" name="test_grandfathered_keeps_read_but_blocks_write" time="0.182" /><testcase classname="tests.test_smoke.TestLicensing" name="test_grandfathering_migration_runs_once" time="0.192" /><testcase classname="tests.test_smoke.TestLicensing" name="test_grandfathering_skipped_for_empty_db" time="0.161" /><testcase classname="tests.test_smoke.TestLicensing" name="test_invalid_persons_rejected" time="0.001" /><testcase classname="tests.test_smoke.TestLicensing" name="test_issuer_signs_token_and_sends_mail" time="0.010" /><testcase classname="tests.test_smoke.TestLicensing" name="test_issuer_skips_cancellations" time="0.002" /><testcase classname="tests.test_smoke.TestLicensing" name="test_lemon_signature_and_parse" time="0.001" /><testcase classname="tests.test_smoke.TestLicensing" name="test_lemon_uninteresting_event_returns_none" time="0.001" /><testcase classname="tests.test_smoke.TestLicensing" name="test_license_round_trip" time="0.200" /><testcase classname="tests.test_smoke.TestLicensing" name="test_load_license_defaults_to_free" time="0.194" /><testcase classname="tests.test_smoke.TestLicensing" name="test_load_license_drops_tampered_token" time="0.199" /><testcase classname="tests.test_smoke.TestLicensing" name="test_load_license_handles_corrupt_values" time="0.209" /><testcase classname="tests.test_smoke.TestLicensing" name="test_load_license_keeps_expired_token_for_grace" time="0.217" /><testcase classname="tests.test_smoke.TestLicensing" name="test_mobile_pricing_has_markup" time="0.001" /><testcase classname="tests.test_smoke.TestLicensing" name="test_monthly_base_two_persons" time="0.001" /><testcase classname="tests.test_smoke.TestLicensing" name="test_monthly_charges_extra_persons" time="0.001" /><testcase classname="tests.test_smoke.TestLicensing" name="test_paddle_parse_event" time="0.001" /><testcase classname="tests.test_smoke.TestLicensing" name="test_paddle_signature_round_trip" time="0.001" /><testcase classname="tests.test_smoke.TestLicensing" name="test_paddle_unknown_price_rejected" time="0.001" /><testcase classname="tests.test_smoke.TestLicensing" name="test_pricing_onboarded_flag_persists" time="0.219" /><testcase classname="tests.test_smoke.TestLicensing" name="test_pro_downgrades_after_grace_period" time="0.238" /><testcase classname="tests.test_smoke.TestLicensing" name="test_pro_license_unlocks_everything" time="0.002" /><testcase classname="tests.test_smoke.TestLicensing" name="test_recommended_tier_picks_family_above_break_even" time="0.002" /><testcase classname="tests.test_smoke.TestLicensing" name="test_registry_pre_dispatch_hook_blocks_calls" time="0.002" /><testcase classname="tests.test_smoke.TestLicensing" name="test_renewal_event_for_pro_near_expiry" time="0.003" /><testcase classname="tests.test_smoke.TestLicensing" name="test_renewal_event_for_trial_near_end" time="0.002" /><testcase classname="tests.test_smoke.TestLicensing" name="test_renewal_event_in_grace_period" time="0.002" /><testcase classname="tests.test_smoke.TestLicensing" name="test_renewal_event_outside_warning_window" time="0.002" /><testcase classname="tests.test_smoke.TestLicensing" name="test_renewal_no_event_for_free" time="0.002" /><testcase classname="tests.test_smoke.TestLicensing" name="test_revocation_supersedes_grace_period" time="0.001" /><testcase classname="tests.test_smoke.TestLicensing" name="test_revoked_token_is_rejected" time="0.001" /><testcase classname="tests.test_smoke.TestLicensing" name="test_scheduler_picks_up_extra_event_sources" time="0.002" /><testcase classname="tests.test_smoke.TestLicensing" name="test_sidebar_indicator_strings" time="0.001" /><testcase classname="tests.test_smoke.TestLicensing" name="test_sign_token_auto_assigns_token_id" time="0.001" /><testcase classname="tests.test_smoke.TestLicensing" name="test_single_person_pays_base_price" time="0.001" /><testcase classname="tests.test_smoke.TestLicensing" name="test_subscription_info_for_free_has_no_subscription" time="0.001" /><testcase classname="tests.test_smoke.TestLicensing" name="test_subscription_info_for_pro_shows_dates" time="0.001" /><testcase classname="tests.test_smoke.TestLicensing" name="test_subscription_info_marks_grace_period" time="0.001" /><testcase classname="tests.test_smoke.TestLicensing" name="test_tier_status_for_free" time="0.001" /><testcase classname="tests.test_smoke.TestLicensing" name="test_tier_status_for_trial_shows_days_left" time="0.001" /><testcase classname="tests.test_smoke.TestLicensing" name="test_tier_status_in_grace_period" time="0.001" /><testcase classname="tests.test_smoke.TestLicensing" name="test_token_expired_raises_subclass_with_payload" time="0.001" /><testcase classname="tests.test_smoke.TestLicensing" name="test_token_rejects_expired" time="0.002" /><testcase classname="tests.test_smoke.TestLicensing" name="test_token_rejects_tampered_payload" time="0.001" /><testcase classname="tests.test_smoke.TestLicensing" name="test_token_sign_verify_round_trip" time="0.001" /><testcase classname="tests.test_smoke.TestLicensing" name="test_token_without_configured_pubkey_rejected" time="0.001" /><testcase classname="tests.test_smoke.TestLicensing" name="test_trial_is_not_reusable" time="0.273" /><testcase classname="tests.test_smoke.TestLicensing" name="test_trial_starts_and_expires" time="0.194" /><testcase classname="tests.test_smoke.TestLicensing" name="test_webhook_server_end_to_end" time="0.520" /><testcase classname="tests.test_smoke.TestLicensing" name="test_webhook_server_rejects_bad_signature" time="0.518" /></testsuite></testsuites>